ARM GAS  C:\Users\ariky\AppData\Local\Temp\ccnz6zHd.s 			page 1


   1              		.syntax unified
   2              		.cpu cortex-m3
   3              		.fpu softvfp
   4              		.eabi_attribute 20, 1
   5              		.eabi_attribute 21, 1
   6              		.eabi_attribute 23, 3
   7              		.eabi_attribute 24, 1
   8              		.eabi_attribute 25, 1
   9              		.eabi_attribute 26, 1
  10              		.eabi_attribute 30, 1
  11              		.eabi_attribute 34, 1
  12              		.eabi_attribute 18, 4
  13              		.thumb
  14              		.syntax unified
  15              		.file	"cymetadata.c"
  16              		.text
  17              	.Ltext0:
  18              		.cfi_sections	.debug_frame
  19              		.global	cy_metadata
  20              		.global	cy_meta_flashprotect
  21              		.global	cy_meta_wonvl
  22              		.global	cy_meta_custnvl
  23              		.global	cy_meta_configecc
  24              		.section	.cyconfigecc,"a",%progbits
  25              		.align	2
  26              		.type	cy_meta_configecc, %object
  27              		.size	cy_meta_configecc, 668
  28              	cy_meta_configecc:
  29 0000 01       		.byte	1
  30 0001 45       		.byte	69
  31 0002 00       		.byte	0
  32 0003 40       		.byte	64
  33 0004 01       		.byte	1
  34 0005 52       		.byte	82
  35 0006 00       		.byte	0
  36 0007 40       		.byte	64
  37 0008 01       		.byte	1
  38 0009 5B       		.byte	91
  39 000a 00       		.byte	0
  40 000b 40       		.byte	64
  41 000c 01       		.byte	1
  42 000d 64       		.byte	100
  43 000e 00       		.byte	0
  44 000f 40       		.byte	64
  45 0010 01       		.byte	1
  46 0011 01       		.byte	1
  47 0012 01       		.byte	1
  48 0013 40       		.byte	64
  49 0014 04       		.byte	4
  50 0015 02       		.byte	2
  51 0016 01       		.byte	1
  52 0017 40       		.byte	64
  53 0018 05       		.byte	5
  54 0019 03       		.byte	3
  55 001a 01       		.byte	1
  56 001b 40       		.byte	64
  57 001c 01       		.byte	1
ARM GAS  C:\Users\ariky\AppData\Local\Temp\ccnz6zHd.s 			page 2


  58 001d 05       		.byte	5
  59 001e 01       		.byte	1
  60 001f 40       		.byte	64
  61 0020 01       		.byte	1
  62 0021 07       		.byte	7
  63 0022 01       		.byte	1
  64 0023 40       		.byte	64
  65 0024 01       		.byte	1
  66 0025 09       		.byte	9
  67 0026 01       		.byte	1
  68 0027 40       		.byte	64
  69 0028 28       		.byte	40
  70 0029 0A       		.byte	10
  71 002a 01       		.byte	1
  72 002b 40       		.byte	64
  73 002c 0A       		.byte	10
  74 002d 0B       		.byte	11
  75 002e 01       		.byte	1
  76 002f 40       		.byte	64
  77 0030 20       		.byte	32
  78 0031 0C       		.byte	12
  79 0032 01       		.byte	1
  80 0033 40       		.byte	64
  81 0034 14       		.byte	20
  82 0035 0D       		.byte	13
  83 0036 01       		.byte	1
  84 0037 40       		.byte	64
  85 0038 01       		.byte	1
  86 0039 0F       		.byte	15
  87 003a 01       		.byte	1
  88 003b 40       		.byte	64
  89 003c 02       		.byte	2
  90 003d 15       		.byte	21
  91 003e 01       		.byte	1
  92 003f 40       		.byte	64
  93 0040 02       		.byte	2
  94 0041 1B       		.byte	27
  95 0042 01       		.byte	1
  96 0043 40       		.byte	64
  97 0044 0E       		.byte	14
  98 0045 40       		.byte	64
  99 0046 01       		.byte	1
 100 0047 40       		.byte	64
 101 0048 0E       		.byte	14
 102 0049 41       		.byte	65
 103 004a 01       		.byte	1
 104 004b 40       		.byte	64
 105 004c 06       		.byte	6
 106 004d 42       		.byte	66
 107 004e 01       		.byte	1
 108 004f 40       		.byte	64
 109 0050 04       		.byte	4
 110 0051 43       		.byte	67
 111 0052 01       		.byte	1
 112 0053 40       		.byte	64
 113 0054 06       		.byte	6
 114 0055 44       		.byte	68
ARM GAS  C:\Users\ariky\AppData\Local\Temp\ccnz6zHd.s 			page 3


 115 0056 01       		.byte	1
 116 0057 40       		.byte	64
 117 0058 08       		.byte	8
 118 0059 45       		.byte	69
 119 005a 01       		.byte	1
 120 005b 40       		.byte	64
 121 005c 09       		.byte	9
 122 005d 46       		.byte	70
 123 005e 01       		.byte	1
 124 005f 40       		.byte	64
 125 0060 0A       		.byte	10
 126 0061 47       		.byte	71
 127 0062 01       		.byte	1
 128 0063 40       		.byte	64
 129 0064 07       		.byte	7
 130 0065 48       		.byte	72
 131 0066 01       		.byte	1
 132 0067 40       		.byte	64
 133 0068 03       		.byte	3
 134 0069 49       		.byte	73
 135 006a 01       		.byte	1
 136 006b 40       		.byte	64
 137 006c 0D       		.byte	13
 138 006d 4C       		.byte	76
 139 006e 01       		.byte	1
 140 006f 40       		.byte	64
 141 0070 08       		.byte	8
 142 0071 4D       		.byte	77
 143 0072 01       		.byte	1
 144 0073 40       		.byte	64
 145 0074 03       		.byte	3
 146 0075 50       		.byte	80
 147 0076 01       		.byte	1
 148 0077 40       		.byte	64
 149 0078 04       		.byte	4
 150 0079 51       		.byte	81
 151 007a 01       		.byte	1
 152 007b 40       		.byte	64
 153 007c 7E       		.byte	126
 154 007d 02       		.byte	2
 155 007e 7C       		.byte	124
 156 007f 40       		.byte	64
 157 0080 27       		.byte	39
 158 0081 21       		.byte	33
 159 0082 8C       		.byte	-116
 160 0083 0D       		.byte	13
 161 0084 E2       		.byte	-30
 162 0085 08       		.byte	8
 163 0086 B8       		.byte	-72
 164 0087 80       		.byte	-128
 165 0088 BE       		.byte	-66
 166 0089 40       		.byte	64
 167 008a D8       		.byte	-40
 168 008b 04       		.byte	4
 169 008c DF       		.byte	-33
 170 008d 01       		.byte	1
 171 008e 1A       		.byte	26
ARM GAS  C:\Users\ariky\AppData\Local\Temp\ccnz6zHd.s 			page 4


 172 008f 02       		.byte	2
 173 0090 96       		.byte	-106
 174 0091 02       		.byte	2
 175 0092 B2       		.byte	-78
 176 0093 01       		.byte	1
 177 0094 E2       		.byte	-30
 178 0095 08       		.byte	8
 179 0096 EA       		.byte	-22
 180 0097 02       		.byte	2
 181 0098 EE       		.byte	-18
 182 0099 08       		.byte	8
 183 009a EE       		.byte	-18
 184 009b 01       		.byte	1
 185 009c EE       		.byte	-18
 186 009d 01       		.byte	1
 187 009e 40       		.byte	64
 188 009f 54       		.byte	84
 189 00a0 49       		.byte	73
 190 00a1 FF       		.byte	-1
 191 00a2 4A       		.byte	74
 192 00a3 FF       		.byte	-1
 193 00a4 4B       		.byte	75
 194 00a5 FF       		.byte	-1
 195 00a6 4F       		.byte	79
 196 00a7 01       		.byte	1
 197 00a8 50       		.byte	80
 198 00a9 18       		.byte	24
 199 00aa 52       		.byte	82
 200 00ab 80       		.byte	-128
 201 00ac 5A       		.byte	90
 202 00ad 04       		.byte	4
 203 00ae 5B       		.byte	91
 204 00af 04       		.byte	4
 205 00b0 5D       		.byte	93
 206 00b1 99       		.byte	-103
 207 00b2 5F       		.byte	95
 208 00b3 01       		.byte	1
 209 00b4 60       		.byte	96
 210 00b5 40       		.byte	64
 211 00b6 62       		.byte	98
 212 00b7 40       		.byte	64
 213 00b8 64       		.byte	100
 214 00b9 40       		.byte	64
 215 00ba 65       		.byte	101
 216 00bb 40       		.byte	64
 217 00bc 66       		.byte	102
 218 00bd 80       		.byte	-128
 219 00be 68       		.byte	104
 220 00bf 80       		.byte	-128
 221 00c0 6A       		.byte	106
 222 00c1 80       		.byte	-128
 223 00c2 6C       		.byte	108
 224 00c3 80       		.byte	-128
 225 00c4 6E       		.byte	110
 226 00c5 80       		.byte	-128
 227 00c6 C0       		.byte	-64
 228 00c7 54       		.byte	84
ARM GAS  C:\Users\ariky\AppData\Local\Temp\ccnz6zHd.s 			page 5


 229 00c8 C9       		.byte	-55
 230 00c9 FF       		.byte	-1
 231 00ca CA       		.byte	-54
 232 00cb FF       		.byte	-1
 233 00cc CB       		.byte	-53
 234 00cd FF       		.byte	-1
 235 00ce CD       		.byte	-51
 236 00cf 83       		.byte	-125
 237 00d0 CE       		.byte	-50
 238 00d1 03       		.byte	3
 239 00d2 CF       		.byte	-49
 240 00d3 01       		.byte	1
 241 00d4 D0       		.byte	-48
 242 00d5 18       		.byte	24
 243 00d6 DA       		.byte	-38
 244 00d7 04       		.byte	4
 245 00d8 DD       		.byte	-35
 246 00d9 09       		.byte	9
 247 00da DF       		.byte	-33
 248 00db 01       		.byte	1
 249 00dc E0       		.byte	-32
 250 00dd 40       		.byte	64
 251 00de E2       		.byte	-30
 252 00df 40       		.byte	64
 253 00e0 E4       		.byte	-28
 254 00e1 40       		.byte	64
 255 00e2 E5       		.byte	-27
 256 00e3 40       		.byte	64
 257 00e4 E6       		.byte	-26
 258 00e5 80       		.byte	-128
 259 00e6 E8       		.byte	-24
 260 00e7 80       		.byte	-128
 261 00e8 EA       		.byte	-22
 262 00e9 80       		.byte	-128
 263 00ea EC       		.byte	-20
 264 00eb 80       		.byte	-128
 265 00ec EE       		.byte	-18
 266 00ed 80       		.byte	-128
 267 00ee 42       		.byte	66
 268 00ef 80       		.byte	-128
 269 00f0 46       		.byte	70
 270 00f1 80       		.byte	-128
 271 00f2 48       		.byte	72
 272 00f3 02       		.byte	2
 273 00f4 4C       		.byte	76
 274 00f5 02       		.byte	2
 275 00f6 70       		.byte	112
 276 00f7 02       		.byte	2
 277 00f8 9A       		.byte	-102
 278 00f9 80       		.byte	-128
 279 00fa A4       		.byte	-92
 280 00fb 02       		.byte	2
 281 00fc AF       		.byte	-81
 282 00fd 80       		.byte	-128
 283 00fe D0       		.byte	-48
 284 00ff 81       		.byte	-127
 285 0100 D2       		.byte	-46
ARM GAS  C:\Users\ariky\AppData\Local\Temp\ccnz6zHd.s 			page 6


 286 0101 18       		.byte	24
 287 0102 12       		.byte	18
 288 0103 01       		.byte	1
 289 0104 22       		.byte	34
 290 0105 01       		.byte	1
 291 0106 30       		.byte	48
 292 0107 01       		.byte	1
 293 0108 36       		.byte	54
 294 0109 01       		.byte	1
 295 010a 3E       		.byte	62
 296 010b 01       		.byte	1
 297 010c 40       		.byte	64
 298 010d 54       		.byte	84
 299 010e 45       		.byte	69
 300 010f EC       		.byte	-20
 301 0110 46       		.byte	70
 302 0111 02       		.byte	2
 303 0112 48       		.byte	72
 304 0113 07       		.byte	7
 305 0114 49       		.byte	73
 306 0115 FF       		.byte	-1
 307 0116 4A       		.byte	74
 308 0117 FF       		.byte	-1
 309 0118 4B       		.byte	75
 310 0119 FF       		.byte	-1
 311 011a 4D       		.byte	77
 312 011b 83       		.byte	-125
 313 011c 4E       		.byte	78
 314 011d 03       		.byte	3
 315 011e 4F       		.byte	79
 316 011f 01       		.byte	1
 317 0120 50       		.byte	80
 318 0121 18       		.byte	24
 319 0122 54       		.byte	84
 320 0123 01       		.byte	1
 321 0124 58       		.byte	88
 322 0125 04       		.byte	4
 323 0126 5A       		.byte	90
 324 0127 04       		.byte	4
 325 0128 5B       		.byte	91
 326 0129 04       		.byte	4
 327 012a 5C       		.byte	92
 328 012b 09       		.byte	9
 329 012c 5D       		.byte	93
 330 012d 99       		.byte	-103
 331 012e 5F       		.byte	95
 332 012f 01       		.byte	1
 333 0130 60       		.byte	96
 334 0131 40       		.byte	64
 335 0132 62       		.byte	98
 336 0133 40       		.byte	64
 337 0134 64       		.byte	100
 338 0135 40       		.byte	64
 339 0136 65       		.byte	101
 340 0137 40       		.byte	64
 341 0138 66       		.byte	102
 342 0139 80       		.byte	-128
ARM GAS  C:\Users\ariky\AppData\Local\Temp\ccnz6zHd.s 			page 7


 343 013a 68       		.byte	104
 344 013b 80       		.byte	-128
 345 013c 6A       		.byte	106
 346 013d 80       		.byte	-128
 347 013e 6C       		.byte	108
 348 013f 80       		.byte	-128
 349 0140 6E       		.byte	110
 350 0141 80       		.byte	-128
 351 0142 0C       		.byte	12
 352 0143 02       		.byte	2
 353 0144 16       		.byte	22
 354 0145 80       		.byte	-128
 355 0146 1E       		.byte	30
 356 0147 80       		.byte	-128
 357 0148 1F       		.byte	31
 358 0149 80       		.byte	-128
 359 014a 46       		.byte	70
 360 014b 80       		.byte	-128
 361 014c 4C       		.byte	76
 362 014d 02       		.byte	2
 363 014e 4D       		.byte	77
 364 014f 04       		.byte	4
 365 0150 4F       		.byte	79
 366 0151 01       		.byte	1
 367 0152 56       		.byte	86
 368 0153 80       		.byte	-128
 369 0154 5D       		.byte	93
 370 0155 04       		.byte	4
 371 0156 5E       		.byte	94
 372 0157 80       		.byte	-128
 373 0158 5F       		.byte	95
 374 0159 01       		.byte	1
 375 015a C2       		.byte	-62
 376 015b 10       		.byte	16
 377 015c C4       		.byte	-60
 378 015d 10       		.byte	16
 379 015e D0       		.byte	-48
 380 015f 80       		.byte	-128
 381 0160 D2       		.byte	-46
 382 0161 10       		.byte	16
 383 0162 D6       		.byte	-42
 384 0163 D0       		.byte	-48
 385 0164 E2       		.byte	-30
 386 0165 08       		.byte	8
 387 0166 E8       		.byte	-24
 388 0167 20       		.byte	32
 389 0168 EA       		.byte	-22
 390 0169 02       		.byte	2
 391 016a E2       		.byte	-30
 392 016b 08       		.byte	8
 393 016c EA       		.byte	-22
 394 016d 01       		.byte	1
 395 016e EC       		.byte	-20
 396 016f 10       		.byte	16
 397 0170 EA       		.byte	-22
 398 0171 01       		.byte	1
 399 0172 EC       		.byte	-20
ARM GAS  C:\Users\ariky\AppData\Local\Temp\ccnz6zHd.s 			page 8


 400 0173 10       		.byte	16
 401 0174 12       		.byte	18
 402 0175 08       		.byte	8
 403 0176 17       		.byte	23
 404 0177 80       		.byte	-128
 405 0178 32       		.byte	50
 406 0179 02       		.byte	2
 407 017a 33       		.byte	51
 408 017b 80       		.byte	-128
 409 017c 37       		.byte	55
 410 017d 48       		.byte	72
 411 017e 3B       		.byte	59
 412 017f 10       		.byte	16
 413 0180 3C       		.byte	60
 414 0181 01       		.byte	1
 415 0182 40       		.byte	64
 416 0183 01       		.byte	1
 417 0184 87       		.byte	-121
 418 0185 08       		.byte	8
 419 0186 C4       		.byte	-60
 420 0187 C0       		.byte	-64
 421 0188 CC       		.byte	-52
 422 0189 F0       		.byte	-16
 423 018a CE       		.byte	-50
 424 018b 90       		.byte	-112
 425 018c D0       		.byte	-48
 426 018d 10       		.byte	16
 427 018e E2       		.byte	-30
 428 018f 10       		.byte	16
 429 0190 33       		.byte	51
 430 0191 10       		.byte	16
 431 0192 37       		.byte	55
 432 0193 80       		.byte	-128
 433 0194 87       		.byte	-121
 434 0195 10       		.byte	16
 435 0196 94       		.byte	-108
 436 0197 01       		.byte	1
 437 0198 97       		.byte	-105
 438 0199 10       		.byte	16
 439 019a 9B       		.byte	-101
 440 019b 90       		.byte	-112
 441 019c 9F       		.byte	-97
 442 019d 40       		.byte	64
 443 019e A7       		.byte	-89
 444 019f 80       		.byte	-128
 445 01a0 AA       		.byte	-86
 446 01a1 08       		.byte	8
 447 01a2 AB       		.byte	-85
 448 01a3 10       		.byte	16
 449 01a4 AE       		.byte	-82
 450 01a5 02       		.byte	2
 451 01a6 CC       		.byte	-52
 452 01a7 30       		.byte	48
 453 01a8 E2       		.byte	-30
 454 01a9 10       		.byte	16
 455 01aa EA       		.byte	-22
 456 01ab 40       		.byte	64
ARM GAS  C:\Users\ariky\AppData\Local\Temp\ccnz6zHd.s 			page 9


 457 01ac 3E       		.byte	62
 458 01ad 10       		.byte	16
 459 01ae 94       		.byte	-108
 460 01af 01       		.byte	1
 461 01b0 9F       		.byte	-97
 462 01b1 40       		.byte	64
 463 01b2 AF       		.byte	-81
 464 01b3 80       		.byte	-128
 465 01b4 CE       		.byte	-50
 466 01b5 20       		.byte	32
 467 01b6 EE       		.byte	-18
 468 01b7 10       		.byte	16
 469 01b8 94       		.byte	-108
 470 01b9 01       		.byte	1
 471 01ba 96       		.byte	-106
 472 01bb 10       		.byte	16
 473 01bc AB       		.byte	-85
 474 01bd 40       		.byte	64
 475 01be EE       		.byte	-18
 476 01bf 80       		.byte	-128
 477 01c0 10       		.byte	16
 478 01c1 10       		.byte	16
 479 01c2 15       		.byte	21
 480 01c3 01       		.byte	1
 481 01c4 7F       		.byte	127
 482 01c5 08       		.byte	8
 483 01c6 84       		.byte	-124
 484 01c7 04       		.byte	4
 485 01c8 C4       		.byte	-60
 486 01c9 0C       		.byte	12
 487 01ca DE       		.byte	-34
 488 01cb 01       		.byte	1
 489 01cc 84       		.byte	-124
 490 01cd 02       		.byte	2
 491 01ce 91       		.byte	-111
 492 01cf 01       		.byte	1
 493 01d0 96       		.byte	-106
 494 01d1 04       		.byte	4
 495 01d2 98       		.byte	-104
 496 01d3 10       		.byte	16
 497 01d4 9C       		.byte	-100
 498 01d5 04       		.byte	4
 499 01d6 AE       		.byte	-82
 500 01d7 04       		.byte	4
 501 01d8 B3       		.byte	-77
 502 01d9 08       		.byte	8
 503 01da E8       		.byte	-24
 504 01db 04       		.byte	4
 505 01dc 1A       		.byte	26
 506 01dd 80       		.byte	-128
 507 01de 45       		.byte	69
 508 01df 08       		.byte	8
 509 01e0 91       		.byte	-111
 510 01e1 01       		.byte	1
 511 01e2 96       		.byte	-106
 512 01e3 04       		.byte	4
 513 01e4 98       		.byte	-104
ARM GAS  C:\Users\ariky\AppData\Local\Temp\ccnz6zHd.s 			page 10


 514 01e5 10       		.byte	16
 515 01e6 9C       		.byte	-100
 516 01e7 04       		.byte	4
 517 01e8 A4       		.byte	-92
 518 01e9 02       		.byte	2
 519 01ea C6       		.byte	-58
 520 01eb 08       		.byte	8
 521 01ec D0       		.byte	-48
 522 01ed 01       		.byte	1
 523 01ee 08       		.byte	8
 524 01ef 04       		.byte	4
 525 01f0 0C       		.byte	12
 526 01f1 02       		.byte	2
 527 01f2 91       		.byte	-111
 528 01f3 01       		.byte	1
 529 01f4 96       		.byte	-106
 530 01f5 04       		.byte	4
 531 01f6 98       		.byte	-104
 532 01f7 10       		.byte	16
 533 01f8 9C       		.byte	-100
 534 01f9 04       		.byte	4
 535 01fa A4       		.byte	-92
 536 01fb 02       		.byte	2
 537 01fc A5       		.byte	-91
 538 01fd 08       		.byte	8
 539 01fe AA       		.byte	-86
 540 01ff 40       		.byte	64
 541 0200 C2       		.byte	-62
 542 0201 0C       		.byte	12
 543 0202 21       		.byte	33
 544 0203 08       		.byte	8
 545 0204 25       		.byte	37
 546 0205 10       		.byte	16
 547 0206 8C       		.byte	-116
 548 0207 01       		.byte	1
 549 0208 8D       		.byte	-115
 550 0209 08       		.byte	8
 551 020a 94       		.byte	-108
 552 020b 01       		.byte	1
 553 020c 96       		.byte	-106
 554 020d 10       		.byte	16
 555 020e C8       		.byte	-56
 556 020f 60       		.byte	96
 557 0210 AA       		.byte	-86
 558 0211 10       		.byte	16
 559 0212 B5       		.byte	-75
 560 0213 10       		.byte	16
 561 0214 EA       		.byte	-22
 562 0215 80       		.byte	-128
 563 0216 10       		.byte	16
 564 0217 40       		.byte	64
 565 0218 13       		.byte	19
 566 0219 20       		.byte	32
 567 021a 14       		.byte	20
 568 021b 80       		.byte	-128
 569 021c 1E       		.byte	30
 570 021d 04       		.byte	4
ARM GAS  C:\Users\ariky\AppData\Local\Temp\ccnz6zHd.s 			page 11


 571 021e 78       		.byte	120
 572 021f 10       		.byte	16
 573 0220 7D       		.byte	125
 574 0221 01       		.byte	1
 575 0222 91       		.byte	-111
 576 0223 01       		.byte	1
 577 0224 96       		.byte	-106
 578 0225 04       		.byte	4
 579 0226 98       		.byte	-104
 580 0227 10       		.byte	16
 581 0228 A5       		.byte	-91
 582 0229 08       		.byte	8
 583 022a C4       		.byte	-60
 584 022b 0E       		.byte	14
 585 022c C6       		.byte	-58
 586 022d 01       		.byte	1
 587 022e DE       		.byte	-34
 588 022f 03       		.byte	3
 589 0230 78       		.byte	120
 590 0231 40       		.byte	64
 591 0232 7C       		.byte	124
 592 0233 80       		.byte	-128
 593 0234 98       		.byte	-104
 594 0235 C0       		.byte	-64
 595 0236 AB       		.byte	-85
 596 0237 20       		.byte	32
 597 0238 B5       		.byte	-75
 598 0239 08       		.byte	8
 599 023a DC       		.byte	-36
 600 023b 01       		.byte	1
 601 023c DE       		.byte	-34
 602 023d 04       		.byte	4
 603 023e EC       		.byte	-20
 604 023f 08       		.byte	8
 605 0240 01       		.byte	1
 606 0241 01       		.byte	1
 607 0242 0D       		.byte	13
 608 0243 01       		.byte	1
 609 0244 0F       		.byte	15
 610 0245 01       		.byte	1
 611 0246 00       		.byte	0
 612 0247 BF       		.byte	-65
 613 0248 01       		.byte	1
 614 0249 3E       		.byte	62
 615 024a 03       		.byte	3
 616 024b C0       		.byte	-64
 617 024c 10       		.byte	16
 618 024d A0       		.byte	-96
 619 024e 00       		.byte	0
 620 024f 00       		.byte	0
 621 0250 20       		.byte	32
 622 0251 30       		.byte	48
 623 0252 00       		.byte	0
 624 0253 00       		.byte	0
 625 0254 30       		.byte	48
 626 0255 00       		.byte	0
 627 0256 00       		.byte	0
ARM GAS  C:\Users\ariky\AppData\Local\Temp\ccnz6zHd.s 			page 12


 628 0257 00       		.byte	0
 629 0258 00       		.byte	0
 630 0259 00       		.byte	0
 631 025a 00       		.byte	0
 632 025b 00       		.byte	0
 633 025c 00       		.byte	0
 634 025d 00       		.byte	0
 635 025e 17       		.byte	23
 636 025f 00       		.byte	0
 637 0260 30       		.byte	48
 638 0261 00       		.byte	0
 639 0262 00       		.byte	0
 640 0263 00       		.byte	0
 641 0264 30       		.byte	48
 642 0265 00       		.byte	0
 643 0266 30       		.byte	48
 644 0267 00       		.byte	0
 645 0268 00       		.byte	0
 646 0269 00       		.byte	0
 647 026a 00       		.byte	0
 648 026b 00       		.byte	0
 649 026c 40       		.byte	64
 650 026d 00       		.byte	0
 651 026e 00       		.byte	0
 652 026f 00       		.byte	0
 653 0270 00       		.byte	0
 654 0271 00       		.byte	0
 655 0272 00       		.byte	0
 656 0273 00       		.byte	0
 657 0274 C0       		.byte	-64
 658 0275 00       		.byte	0
 659 0276 00       		.byte	0
 660 0277 00       		.byte	0
 661 0278 00       		.byte	0
 662 0279 0B       		.byte	11
 663 027a 0B       		.byte	11
 664 027b 00       		.byte	0
 665 027c 00       		.byte	0
 666 027d 00       		.byte	0
 667 027e C0       		.byte	-64
 668 027f 00       		.byte	0
 669 0280 00       		.byte	0
 670 0281 7F       		.byte	127
 671 0282 7F       		.byte	127
 672 0283 00       		.byte	0
 673 0284 00       		.byte	0
 674 0285 00       		.byte	0
 675 0286 00       		.byte	0
 676 0287 00       		.byte	0
 677 0288 02       		.byte	2
 678 0289 00       		.byte	0
 679 028a 18       		.byte	24
 680 028b 01       		.byte	1
 681 028c 02       		.byte	2
 682 028d 00       		.byte	0
 683 028e 18       		.byte	24
 684 028f 01       		.byte	1
ARM GAS  C:\Users\ariky\AppData\Local\Temp\ccnz6zHd.s 			page 13


 685 0290 95       		.byte	-107
 686 0291 00       		.byte	0
 687 0292 18       		.byte	24
 688 0293 01       		.byte	1
 689 0294 00       		.byte	0
 690 0295 02       		.byte	2
 691 0296 00       		.byte	0
 692 0297 00       		.byte	0
 693 0298 00       		.byte	0
 694 0299 03       		.byte	3
 695 029a 00       		.byte	0
 696 029b 00       		.byte	0
 697              		.section	.cywolatch,"a",%progbits
 698              		.align	2
 699              		.type	cy_meta_wonvl, %object
 700              		.size	cy_meta_wonvl, 4
 701              	cy_meta_wonvl:
 702 0000 BC       		.byte	-68
 703 0001 90       		.byte	-112
 704 0002 AC       		.byte	-84
 705 0003 AF       		.byte	-81
 706              		.section	.cycustnvl,"a",%progbits
 707              		.align	2
 708              		.type	cy_meta_custnvl, %object
 709              		.size	cy_meta_custnvl, 4
 710              	cy_meta_custnvl:
 711 0000 00       		.byte	0
 712 0001 00       		.byte	0
 713 0002 40       		.byte	64
 714 0003 05       		.byte	5
 715              		.section	.cymeta,"a",%progbits
 716              		.align	2
 717              		.type	cy_metadata, %object
 718              		.size	cy_metadata, 12
 719              	cy_metadata:
 720 0000 00       		.byte	0
 721 0001 01       		.byte	1
 722 0002 2E       		.byte	46
 723 0003 16       		.byte	22
 724 0004 10       		.byte	16
 725 0005 69       		.byte	105
 726 0006 00       		.byte	0
 727 0007 01       		.byte	1
 728 0008 00       		.byte	0
 729 0009 00       		.byte	0
 730 000a 00       		.byte	0
 731 000b 00       		.byte	0
 732              		.section	.cyflashprotect,"a",%progbits
 733              		.align	2
 734              		.type	cy_meta_flashprotect, %object
 735              		.size	cy_meta_flashprotect, 256
 736              	cy_meta_flashprotect:
 737 0000 00000000 		.space	256
 737      00000000 
 737      00000000 
 737      00000000 
 737      00000000 
ARM GAS  C:\Users\ariky\AppData\Local\Temp\ccnz6zHd.s 			page 14


 738              		.text
 739              	.Letext0:
 740              		.file 1 "c:\\program files (x86)\\cypress\\psoc creator\\4.2\\psoc creator\\import\\gnu\\arm\\5.4.
 741              		.file 2 "c:\\program files (x86)\\cypress\\psoc creator\\4.2\\psoc creator\\import\\gnu\\arm\\5.4.
 742              		.file 3 "Generated_Source\\PSoC5\\cymetadata.c"
 743              		.section	.debug_info,"",%progbits
 744              	.Ldebug_info0:
 745 0000 31010000 		.4byte	0x131
 746 0004 0400     		.2byte	0x4
 747 0006 00000000 		.4byte	.Ldebug_abbrev0
 748 000a 04       		.byte	0x4
 749 000b 01       		.uleb128 0x1
 750 000c 24000000 		.4byte	.LASF17
 751 0010 0C       		.byte	0xc
 752 0011 BA010000 		.4byte	.LASF18
 753 0015 B2000000 		.4byte	.LASF19
 754 0019 00000000 		.4byte	.Ldebug_line0
 755 001d 02       		.uleb128 0x2
 756 001e 01       		.byte	0x1
 757 001f 06       		.byte	0x6
 758 0020 AE010000 		.4byte	.LASF0
 759 0024 03       		.uleb128 0x3
 760 0025 00000000 		.4byte	.LASF9
 761 0029 01       		.byte	0x1
 762 002a 1D       		.byte	0x1d
 763 002b 2F000000 		.4byte	0x2f
 764 002f 02       		.uleb128 0x2
 765 0030 01       		.byte	0x1
 766 0031 08       		.byte	0x8
 767 0032 16000000 		.4byte	.LASF1
 768 0036 02       		.uleb128 0x2
 769 0037 02       		.byte	0x2
 770 0038 05       		.byte	0x5
 771 0039 9B010000 		.4byte	.LASF2
 772 003d 02       		.uleb128 0x2
 773 003e 02       		.byte	0x2
 774 003f 07       		.byte	0x7
 775 0040 00010000 		.4byte	.LASF3
 776 0044 02       		.uleb128 0x2
 777 0045 04       		.byte	0x4
 778 0046 05       		.byte	0x5
 779 0047 A5010000 		.4byte	.LASF4
 780 004b 02       		.uleb128 0x2
 781 004c 04       		.byte	0x4
 782 004d 07       		.byte	0x7
 783 004e EE000000 		.4byte	.LASF5
 784 0052 02       		.uleb128 0x2
 785 0053 08       		.byte	0x8
 786 0054 05       		.byte	0x5
 787 0055 8D010000 		.4byte	.LASF6
 788 0059 02       		.uleb128 0x2
 789 005a 08       		.byte	0x8
 790 005b 07       		.byte	0x7
 791 005c 42010000 		.4byte	.LASF7
 792 0060 04       		.uleb128 0x4
 793 0061 04       		.byte	0x4
 794 0062 05       		.byte	0x5
ARM GAS  C:\Users\ariky\AppData\Local\Temp\ccnz6zHd.s 			page 15


 795 0063 696E7400 		.ascii	"int\000"
 796 0067 02       		.uleb128 0x2
 797 0068 04       		.byte	0x4
 798 0069 07       		.byte	0x7
 799 006a 35010000 		.4byte	.LASF8
 800 006e 03       		.uleb128 0x3
 801 006f 59010000 		.4byte	.LASF10
 802 0073 02       		.byte	0x2
 803 0074 18       		.byte	0x18
 804 0075 24000000 		.4byte	0x24
 805 0079 05       		.uleb128 0x5
 806 007a 91000000 		.4byte	0x91
 807 007e 8A000000 		.4byte	0x8a
 808 0082 06       		.uleb128 0x6
 809 0083 8A000000 		.4byte	0x8a
 810 0087 9B02     		.2byte	0x29b
 811 0089 00       		.byte	0
 812 008a 02       		.uleb128 0x2
 813 008b 04       		.byte	0x4
 814 008c 07       		.byte	0x7
 815 008d 84010000 		.4byte	.LASF11
 816 0091 07       		.uleb128 0x7
 817 0092 6E000000 		.4byte	0x6e
 818 0096 08       		.uleb128 0x8
 819 0097 23010000 		.4byte	.LASF12
 820 009b 03       		.byte	0x3
 821 009c 1F       		.byte	0x1f
 822 009d A7000000 		.4byte	0xa7
 823 00a1 05       		.uleb128 0x5
 824 00a2 03       		.byte	0x3
 825 00a3 00000000 		.4byte	cy_meta_configecc
 826 00a7 07       		.uleb128 0x7
 827 00a8 79000000 		.4byte	0x79
 828 00ac 05       		.uleb128 0x5
 829 00ad 91000000 		.4byte	0x91
 830 00b1 BC000000 		.4byte	0xbc
 831 00b5 09       		.uleb128 0x9
 832 00b6 8A000000 		.4byte	0x8a
 833 00ba 03       		.byte	0x3
 834 00bb 00       		.byte	0
 835 00bc 08       		.uleb128 0x8
 836 00bd 13010000 		.4byte	.LASF13
 837 00c1 03       		.byte	0x3
 838 00c2 80       		.byte	0x80
 839 00c3 CD000000 		.4byte	0xcd
 840 00c7 05       		.uleb128 0x5
 841 00c8 03       		.byte	0x3
 842 00c9 00000000 		.4byte	cy_meta_custnvl
 843 00cd 07       		.uleb128 0x7
 844 00ce AC000000 		.4byte	0xac
 845 00d2 08       		.uleb128 0x8
 846 00d3 76010000 		.4byte	.LASF14
 847 00d7 03       		.byte	0x3
 848 00d8 8E       		.byte	0x8e
 849 00d9 E3000000 		.4byte	0xe3
 850 00dd 05       		.uleb128 0x5
 851 00de 03       		.byte	0x3
ARM GAS  C:\Users\ariky\AppData\Local\Temp\ccnz6zHd.s 			page 16


 852 00df 00000000 		.4byte	cy_meta_wonvl
 853 00e3 07       		.uleb128 0x7
 854 00e4 AC000000 		.4byte	0xac
 855 00e8 05       		.uleb128 0x5
 856 00e9 91000000 		.4byte	0x91
 857 00ed F8000000 		.4byte	0xf8
 858 00f1 09       		.uleb128 0x9
 859 00f2 8A000000 		.4byte	0x8a
 860 00f6 FF       		.byte	0xff
 861 00f7 00       		.byte	0
 862 00f8 08       		.uleb128 0x8
 863 00f9 61010000 		.4byte	.LASF15
 864 00fd 03       		.byte	0x3
 865 00fe 9C       		.byte	0x9c
 866 00ff 09010000 		.4byte	0x109
 867 0103 05       		.uleb128 0x5
 868 0104 03       		.byte	0x3
 869 0105 00000000 		.4byte	cy_meta_flashprotect
 870 0109 07       		.uleb128 0x7
 871 010a E8000000 		.4byte	0xe8
 872 010e 05       		.uleb128 0x5
 873 010f 91000000 		.4byte	0x91
 874 0113 1E010000 		.4byte	0x11e
 875 0117 09       		.uleb128 0x9
 876 0118 8A000000 		.4byte	0x8a
 877 011c 0B       		.byte	0xb
 878 011d 00       		.byte	0
 879 011e 08       		.uleb128 0x8
 880 011f 0A000000 		.4byte	.LASF16
 881 0123 03       		.byte	0x3
 882 0124 C9       		.byte	0xc9
 883 0125 2F010000 		.4byte	0x12f
 884 0129 05       		.uleb128 0x5
 885 012a 03       		.byte	0x3
 886 012b 00000000 		.4byte	cy_metadata
 887 012f 07       		.uleb128 0x7
 888 0130 0E010000 		.4byte	0x10e
 889 0134 00       		.byte	0
 890              		.section	.debug_abbrev,"",%progbits
 891              	.Ldebug_abbrev0:
 892 0000 01       		.uleb128 0x1
 893 0001 11       		.uleb128 0x11
 894 0002 01       		.byte	0x1
 895 0003 25       		.uleb128 0x25
 896 0004 0E       		.uleb128 0xe
 897 0005 13       		.uleb128 0x13
 898 0006 0B       		.uleb128 0xb
 899 0007 03       		.uleb128 0x3
 900 0008 0E       		.uleb128 0xe
 901 0009 1B       		.uleb128 0x1b
 902 000a 0E       		.uleb128 0xe
 903 000b 10       		.uleb128 0x10
 904 000c 17       		.uleb128 0x17
 905 000d 00       		.byte	0
 906 000e 00       		.byte	0
 907 000f 02       		.uleb128 0x2
 908 0010 24       		.uleb128 0x24
ARM GAS  C:\Users\ariky\AppData\Local\Temp\ccnz6zHd.s 			page 17


 909 0011 00       		.byte	0
 910 0012 0B       		.uleb128 0xb
 911 0013 0B       		.uleb128 0xb
 912 0014 3E       		.uleb128 0x3e
 913 0015 0B       		.uleb128 0xb
 914 0016 03       		.uleb128 0x3
 915 0017 0E       		.uleb128 0xe
 916 0018 00       		.byte	0
 917 0019 00       		.byte	0
 918 001a 03       		.uleb128 0x3
 919 001b 16       		.uleb128 0x16
 920 001c 00       		.byte	0
 921 001d 03       		.uleb128 0x3
 922 001e 0E       		.uleb128 0xe
 923 001f 3A       		.uleb128 0x3a
 924 0020 0B       		.uleb128 0xb
 925 0021 3B       		.uleb128 0x3b
 926 0022 0B       		.uleb128 0xb
 927 0023 49       		.uleb128 0x49
 928 0024 13       		.uleb128 0x13
 929 0025 00       		.byte	0
 930 0026 00       		.byte	0
 931 0027 04       		.uleb128 0x4
 932 0028 24       		.uleb128 0x24
 933 0029 00       		.byte	0
 934 002a 0B       		.uleb128 0xb
 935 002b 0B       		.uleb128 0xb
 936 002c 3E       		.uleb128 0x3e
 937 002d 0B       		.uleb128 0xb
 938 002e 03       		.uleb128 0x3
 939 002f 08       		.uleb128 0x8
 940 0030 00       		.byte	0
 941 0031 00       		.byte	0
 942 0032 05       		.uleb128 0x5
 943 0033 01       		.uleb128 0x1
 944 0034 01       		.byte	0x1
 945 0035 49       		.uleb128 0x49
 946 0036 13       		.uleb128 0x13
 947 0037 01       		.uleb128 0x1
 948 0038 13       		.uleb128 0x13
 949 0039 00       		.byte	0
 950 003a 00       		.byte	0
 951 003b 06       		.uleb128 0x6
 952 003c 21       		.uleb128 0x21
 953 003d 00       		.byte	0
 954 003e 49       		.uleb128 0x49
 955 003f 13       		.uleb128 0x13
 956 0040 2F       		.uleb128 0x2f
 957 0041 05       		.uleb128 0x5
 958 0042 00       		.byte	0
 959 0043 00       		.byte	0
 960 0044 07       		.uleb128 0x7
 961 0045 26       		.uleb128 0x26
 962 0046 00       		.byte	0
 963 0047 49       		.uleb128 0x49
 964 0048 13       		.uleb128 0x13
 965 0049 00       		.byte	0
ARM GAS  C:\Users\ariky\AppData\Local\Temp\ccnz6zHd.s 			page 18


 966 004a 00       		.byte	0
 967 004b 08       		.uleb128 0x8
 968 004c 34       		.uleb128 0x34
 969 004d 00       		.byte	0
 970 004e 03       		.uleb128 0x3
 971 004f 0E       		.uleb128 0xe
 972 0050 3A       		.uleb128 0x3a
 973 0051 0B       		.uleb128 0xb
 974 0052 3B       		.uleb128 0x3b
 975 0053 0B       		.uleb128 0xb
 976 0054 49       		.uleb128 0x49
 977 0055 13       		.uleb128 0x13
 978 0056 3F       		.uleb128 0x3f
 979 0057 19       		.uleb128 0x19
 980 0058 02       		.uleb128 0x2
 981 0059 18       		.uleb128 0x18
 982 005a 00       		.byte	0
 983 005b 00       		.byte	0
 984 005c 09       		.uleb128 0x9
 985 005d 21       		.uleb128 0x21
 986 005e 00       		.byte	0
 987 005f 49       		.uleb128 0x49
 988 0060 13       		.uleb128 0x13
 989 0061 2F       		.uleb128 0x2f
 990 0062 0B       		.uleb128 0xb
 991 0063 00       		.byte	0
 992 0064 00       		.byte	0
 993 0065 00       		.byte	0
 994              		.section	.debug_aranges,"",%progbits
 995 0000 14000000 		.4byte	0x14
 996 0004 0200     		.2byte	0x2
 997 0006 00000000 		.4byte	.Ldebug_info0
 998 000a 04       		.byte	0x4
 999 000b 00       		.byte	0
 1000 000c 0000     		.2byte	0
 1001 000e 0000     		.2byte	0
 1002 0010 00000000 		.4byte	0
 1003 0014 00000000 		.4byte	0
 1004              		.section	.debug_line,"",%progbits
 1005              	.Ldebug_line0:
 1006 0000 3D010000 		.section	.debug_str,"MS",%progbits,1
 1006      02003701 
 1006      00000201 
 1006      FB0E0D00 
 1006      01010101 
 1007              	.LASF9:
 1008 0000 5F5F7569 		.ascii	"__uint8_t\000"
 1008      6E74385F 
 1008      7400
 1009              	.LASF16:
 1010 000a 63795F6D 		.ascii	"cy_metadata\000"
 1010      65746164 
 1010      61746100 
 1011              	.LASF1:
 1012 0016 756E7369 		.ascii	"unsigned char\000"
 1012      676E6564 
 1012      20636861 
ARM GAS  C:\Users\ariky\AppData\Local\Temp\ccnz6zHd.s 			page 19


 1012      7200
 1013              	.LASF17:
 1014 0024 474E5520 		.ascii	"GNU C11 5.4.1 20160609 (release) [ARM/embedded-5-br"
 1014      43313120 
 1014      352E342E 
 1014      31203230 
 1014      31363036 
 1015 0057 616E6368 		.ascii	"anch revision 237715] -mcpu=cortex-m3 -mthumb -g -O"
 1015      20726576 
 1015      6973696F 
 1015      6E203233 
 1015      37373135 
 1016 008a 67202D66 		.ascii	"g -ffunction-sections -ffat-lto-objects\000"
 1016      66756E63 
 1016      74696F6E 
 1016      2D736563 
 1016      74696F6E 
 1017              	.LASF19:
 1018 00b2 433A5C55 		.ascii	"C:\\Users\\ariky\\Documents\\PSoC Creator\\Lab4\\La"
 1018      73657273 
 1018      5C617269 
 1018      6B795C44 
 1018      6F63756D 
 1019 00df 6250726F 		.ascii	"bProject.cydsn\000"
 1019      6A656374 
 1019      2E637964 
 1019      736E00
 1020              	.LASF5:
 1021 00ee 6C6F6E67 		.ascii	"long unsigned int\000"
 1021      20756E73 
 1021      69676E65 
 1021      6420696E 
 1021      7400
 1022              	.LASF3:
 1023 0100 73686F72 		.ascii	"short unsigned int\000"
 1023      7420756E 
 1023      7369676E 
 1023      65642069 
 1023      6E7400
 1024              	.LASF13:
 1025 0113 63795F6D 		.ascii	"cy_meta_custnvl\000"
 1025      6574615F 
 1025      63757374 
 1025      6E766C00 
 1026              	.LASF12:
 1027 0123 63795F6D 		.ascii	"cy_meta_configecc\000"
 1027      6574615F 
 1027      636F6E66 
 1027      69676563 
 1027      6300
 1028              	.LASF8:
 1029 0135 756E7369 		.ascii	"unsigned int\000"
 1029      676E6564 
 1029      20696E74 
 1029      00
 1030              	.LASF7:
 1031 0142 6C6F6E67 		.ascii	"long long unsigned int\000"
ARM GAS  C:\Users\ariky\AppData\Local\Temp\ccnz6zHd.s 			page 20


 1031      206C6F6E 
 1031      6720756E 
 1031      7369676E 
 1031      65642069 
 1032              	.LASF10:
 1033 0159 75696E74 		.ascii	"uint8_t\000"
 1033      385F7400 
 1034              	.LASF15:
 1035 0161 63795F6D 		.ascii	"cy_meta_flashprotect\000"
 1035      6574615F 
 1035      666C6173 
 1035      6870726F 
 1035      74656374 
 1036              	.LASF14:
 1037 0176 63795F6D 		.ascii	"cy_meta_wonvl\000"
 1037      6574615F 
 1037      776F6E76 
 1037      6C00
 1038              	.LASF11:
 1039 0184 73697A65 		.ascii	"sizetype\000"
 1039      74797065 
 1039      00
 1040              	.LASF6:
 1041 018d 6C6F6E67 		.ascii	"long long int\000"
 1041      206C6F6E 
 1041      6720696E 
 1041      7400
 1042              	.LASF2:
 1043 019b 73686F72 		.ascii	"short int\000"
 1043      7420696E 
 1043      7400
 1044              	.LASF4:
 1045 01a5 6C6F6E67 		.ascii	"long int\000"
 1045      20696E74 
 1045      00
 1046              	.LASF0:
 1047 01ae 7369676E 		.ascii	"signed char\000"
 1047      65642063 
 1047      68617200 
 1048              	.LASF18:
 1049 01ba 47656E65 		.ascii	"Generated_Source\\PSoC5\\cymetadata.c\000"
 1049      72617465 
 1049      645F536F 
 1049      75726365 
 1049      5C50536F 
 1050              		.ident	"GCC: (GNU Tools for ARM Embedded Processors) 5.4.1 20160609 (release) [ARM/embedded-5-bran
