ARM GAS  C:\Users\ariky\AppData\Local\Temp\cc6ytO5b.s 			page 1


   1              		.syntax unified
   2              		.cpu cortex-m3
   3              		.fpu softvfp
   4              		.eabi_attribute 20, 1
   5              		.eabi_attribute 21, 1
   6              		.eabi_attribute 23, 3
   7              		.eabi_attribute 24, 1
   8              		.eabi_attribute 25, 1
   9              		.eabi_attribute 26, 1
  10              		.eabi_attribute 30, 1
  11              		.eabi_attribute 34, 1
  12              		.eabi_attribute 18, 4
  13              		.thumb
  14              		.syntax unified
  15              		.file	"USBFS_descr.c"
  16              		.text
  17              	.Ltext0:
  18              		.cfi_sections	.debug_frame
  19              		.global	USBFS_TABLE
  20              		.global	USBFS_DEVICE0_TABLE
  21              		.global	USBFS_DEVICE0_CONFIGURATION0_TABLE
  22              		.global	USBFS_DEVICE0_CONFIGURATION0_INTERFACE_CLASS
  23              		.global	USBFS_DEVICE0_CONFIGURATION0_EP_SETTINGS_TABLE
  24              		.global	USBFS_STRING_DESCRIPTORS
  25              		.global	USBFS_DEVICE0_CONFIGURATION0_DESCR
  26              		.global	USBFS_DEVICE0_DESCR
  27              		.section	.rodata
  28              		.align	2
  29              		.type	USBFS_TABLE, %object
  30              		.size	USBFS_TABLE, 8
  31              	USBFS_TABLE:
  32 0000 01       		.byte	1
  33 0001 000000   		.space	3
  34 0004 00000000 		.word	USBFS_DEVICE0_TABLE
  35              		.type	USBFS_DEVICE0_TABLE, %object
  36              		.size	USBFS_DEVICE0_TABLE, 24
  37              	USBFS_DEVICE0_TABLE:
  38 0008 01       		.byte	1
  39 0009 000000   		.space	3
  40 000c 00000000 		.word	USBFS_DEVICE0_DESCR
  41 0010 00       		.byte	0
  42 0011 000000   		.space	3
  43 0014 00000000 		.word	0
  44 0018 01       		.byte	1
  45 0019 000000   		.space	3
  46 001c 00000000 		.word	USBFS_DEVICE0_CONFIGURATION0_TABLE
  47              		.type	USBFS_DEVICE0_CONFIGURATION0_TABLE, %object
  48              		.size	USBFS_DEVICE0_CONFIGURATION0_TABLE, 32
  49              	USBFS_DEVICE0_CONFIGURATION0_TABLE:
  50 0020 01       		.byte	1
  51 0021 000000   		.space	3
  52 0024 00000000 		.word	USBFS_DEVICE0_CONFIGURATION0_DESCR
  53 0028 02       		.byte	2
  54 0029 000000   		.space	3
  55 002c 00000000 		.word	USBFS_DEVICE0_CONFIGURATION0_EP_SETTINGS_TABLE
  56 0030 00       		.byte	0
  57 0031 000000   		.space	3
ARM GAS  C:\Users\ariky\AppData\Local\Temp\cc6ytO5b.s 			page 2


  58 0034 00000000 		.word	0
  59 0038 00       		.byte	0
  60 0039 000000   		.space	3
  61 003c 00000000 		.word	USBFS_DEVICE0_CONFIGURATION0_INTERFACE_CLASS
  62              		.type	USBFS_DEVICE0_CONFIGURATION0_INTERFACE_CLASS, %object
  63              		.size	USBFS_DEVICE0_CONFIGURATION0_INTERFACE_CLASS, 1
  64              	USBFS_DEVICE0_CONFIGURATION0_INTERFACE_CLASS:
  65 0040 00       		.space	1
  66 0041 000000   		.space	3
  67              		.type	USBFS_DEVICE0_CONFIGURATION0_EP_SETTINGS_TABLE, %object
  68              		.size	USBFS_DEVICE0_CONFIGURATION0_EP_SETTINGS_TABLE, 16
  69              	USBFS_DEVICE0_CONFIGURATION0_EP_SETTINGS_TABLE:
  70 0044 00       		.byte	0
  71 0045 00       		.byte	0
  72 0046 81       		.byte	-127
  73 0047 02       		.byte	2
  74 0048 4000     		.short	64
  75 004a 00       		.byte	0
  76 004b 00       		.space	1
  77 004c 00       		.byte	0
  78 004d 00       		.byte	0
  79 004e 82       		.byte	-126
  80 004f 02       		.byte	2
  81 0050 4000     		.short	64
  82 0052 00       		.byte	0
  83 0053 00       		.space	1
  84              		.type	USBFS_STRING_DESCRIPTORS, %object
  85              		.size	USBFS_STRING_DESCRIPTORS, 123
  86              	USBFS_STRING_DESCRIPTORS:
  87 0054 04       		.byte	4
  88 0055 03       		.byte	3
  89 0056 09       		.byte	9
  90 0057 04       		.byte	4
  91 0058 2C       		.byte	44
  92 0059 03       		.byte	3
  93 005a 43       		.byte	67
  94 005b 00       		.byte	0
  95 005c 79       		.byte	121
  96 005d 00       		.byte	0
  97 005e 70       		.byte	112
  98 005f 00       		.byte	0
  99 0060 72       		.byte	114
 100 0061 00       		.byte	0
 101 0062 65       		.byte	101
 102 0063 00       		.byte	0
 103 0064 73       		.byte	115
 104 0065 00       		.byte	0
 105 0066 73       		.byte	115
 106 0067 00       		.byte	0
 107 0068 20       		.byte	32
 108 0069 00       		.byte	0
 109 006a 53       		.byte	83
 110 006b 00       		.byte	0
 111 006c 65       		.byte	101
 112 006d 00       		.byte	0
 113 006e 6D       		.byte	109
 114 006f 00       		.byte	0
ARM GAS  C:\Users\ariky\AppData\Local\Temp\cc6ytO5b.s 			page 3


 115 0070 69       		.byte	105
 116 0071 00       		.byte	0
 117 0072 63       		.byte	99
 118 0073 00       		.byte	0
 119 0074 6F       		.byte	111
 120 0075 00       		.byte	0
 121 0076 6E       		.byte	110
 122 0077 00       		.byte	0
 123 0078 64       		.byte	100
 124 0079 00       		.byte	0
 125 007a 75       		.byte	117
 126 007b 00       		.byte	0
 127 007c 63       		.byte	99
 128 007d 00       		.byte	0
 129 007e 74       		.byte	116
 130 007f 00       		.byte	0
 131 0080 6F       		.byte	111
 132 0081 00       		.byte	0
 133 0082 72       		.byte	114
 134 0083 00       		.byte	0
 135 0084 4A       		.byte	74
 136 0085 03       		.byte	3
 137 0086 47       		.byte	71
 138 0087 00       		.byte	0
 139 0088 65       		.byte	101
 140 0089 00       		.byte	0
 141 008a 6E       		.byte	110
 142 008b 00       		.byte	0
 143 008c 65       		.byte	101
 144 008d 00       		.byte	0
 145 008e 72       		.byte	114
 146 008f 00       		.byte	0
 147 0090 69       		.byte	105
 148 0091 00       		.byte	0
 149 0092 63       		.byte	99
 150 0093 00       		.byte	0
 151 0094 20       		.byte	32
 152 0095 00       		.byte	0
 153 0096 55       		.byte	85
 154 0097 00       		.byte	0
 155 0098 53       		.byte	83
 156 0099 00       		.byte	0
 157 009a 42       		.byte	66
 158 009b 00       		.byte	0
 159 009c 20       		.byte	32
 160 009d 00       		.byte	0
 161 009e 42       		.byte	66
 162 009f 00       		.byte	0
 163 00a0 75       		.byte	117
 164 00a1 00       		.byte	0
 165 00a2 6C       		.byte	108
 166 00a3 00       		.byte	0
 167 00a4 6B       		.byte	107
 168 00a5 00       		.byte	0
 169 00a6 20       		.byte	32
 170 00a7 00       		.byte	0
 171 00a8 57       		.byte	87
ARM GAS  C:\Users\ariky\AppData\Local\Temp\cc6ytO5b.s 			page 4


 172 00a9 00       		.byte	0
 173 00aa 72       		.byte	114
 174 00ab 00       		.byte	0
 175 00ac 61       		.byte	97
 176 00ad 00       		.byte	0
 177 00ae 70       		.byte	112
 178 00af 00       		.byte	0
 179 00b0 61       		.byte	97
 180 00b1 00       		.byte	0
 181 00b2 72       		.byte	114
 182 00b3 00       		.byte	0
 183 00b4 6F       		.byte	111
 184 00b5 00       		.byte	0
 185 00b6 75       		.byte	117
 186 00b7 00       		.byte	0
 187 00b8 6E       		.byte	110
 188 00b9 00       		.byte	0
 189 00ba 64       		.byte	100
 190 00bb 00       		.byte	0
 191 00bc 20       		.byte	32
 192 00bd 00       		.byte	0
 193 00be 54       		.byte	84
 194 00bf 00       		.byte	0
 195 00c0 72       		.byte	114
 196 00c1 00       		.byte	0
 197 00c2 61       		.byte	97
 198 00c3 00       		.byte	0
 199 00c4 6E       		.byte	110
 200 00c5 00       		.byte	0
 201 00c6 73       		.byte	115
 202 00c7 00       		.byte	0
 203 00c8 66       		.byte	102
 204 00c9 00       		.byte	0
 205 00ca 65       		.byte	101
 206 00cb 00       		.byte	0
 207 00cc 72       		.byte	114
 208 00cd 00       		.byte	0
 209 00ce 00       		.byte	0
 210 00cf 00       		.space	1
 211              		.type	USBFS_DEVICE0_CONFIGURATION0_DESCR, %object
 212              		.size	USBFS_DEVICE0_CONFIGURATION0_DESCR, 32
 213              	USBFS_DEVICE0_CONFIGURATION0_DESCR:
 214 00d0 09       		.byte	9
 215 00d1 02       		.byte	2
 216 00d2 20       		.byte	32
 217 00d3 00       		.byte	0
 218 00d4 01       		.byte	1
 219 00d5 01       		.byte	1
 220 00d6 00       		.byte	0
 221 00d7 80       		.byte	-128
 222 00d8 32       		.byte	50
 223 00d9 09       		.byte	9
 224 00da 04       		.byte	4
 225 00db 00       		.byte	0
 226 00dc 00       		.byte	0
 227 00dd 02       		.byte	2
 228 00de 00       		.byte	0
ARM GAS  C:\Users\ariky\AppData\Local\Temp\cc6ytO5b.s 			page 5


 229 00df 00       		.byte	0
 230 00e0 00       		.byte	0
 231 00e1 00       		.byte	0
 232 00e2 07       		.byte	7
 233 00e3 05       		.byte	5
 234 00e4 81       		.byte	-127
 235 00e5 02       		.byte	2
 236 00e6 40       		.byte	64
 237 00e7 00       		.byte	0
 238 00e8 00       		.byte	0
 239 00e9 07       		.byte	7
 240 00ea 05       		.byte	5
 241 00eb 82       		.byte	-126
 242 00ec 02       		.byte	2
 243 00ed 40       		.byte	64
 244 00ee 00       		.byte	0
 245 00ef 00       		.byte	0
 246              		.type	USBFS_DEVICE0_DESCR, %object
 247              		.size	USBFS_DEVICE0_DESCR, 18
 248              	USBFS_DEVICE0_DESCR:
 249 00f0 12       		.byte	18
 250 00f1 01       		.byte	1
 251 00f2 00       		.byte	0
 252 00f3 02       		.byte	2
 253 00f4 00       		.byte	0
 254 00f5 00       		.byte	0
 255 00f6 00       		.byte	0
 256 00f7 08       		.byte	8
 257 00f8 B4       		.byte	-76
 258 00f9 04       		.byte	4
 259 00fa 51       		.byte	81
 260 00fb 80       		.byte	-128
 261 00fc 00       		.byte	0
 262 00fd 00       		.byte	0
 263 00fe 01       		.byte	1
 264 00ff 02       		.byte	2
 265 0100 00       		.byte	0
 266 0101 01       		.byte	1
 267              		.text
 268              	.Letext0:
 269              		.file 1 "Generated_Source\\PSoC5\\cytypes.h"
 270              		.file 2 "Generated_Source\\PSoC5\\USBFS.h"
 271              		.file 3 "Generated_Source\\PSoC5\\USBFS_descr.c"
 272              		.section	.debug_info,"",%progbits
 273              	.Ldebug_info0:
 274 0000 67020000 		.4byte	0x267
 275 0004 0400     		.2byte	0x4
 276 0006 00000000 		.4byte	.Ldebug_abbrev0
 277 000a 04       		.byte	0x4
 278 000b 01       		.uleb128 0x1
 279 000c 95000000 		.4byte	.LASF33
 280 0010 0C       		.byte	0xc
 281 0011 3F020000 		.4byte	.LASF34
 282 0015 23010000 		.4byte	.LASF35
 283 0019 00000000 		.4byte	.Ldebug_line0
 284 001d 02       		.uleb128 0x2
 285 001e 01       		.byte	0x1
ARM GAS  C:\Users\ariky\AppData\Local\Temp\cc6ytO5b.s 			page 6


 286 001f 06       		.byte	0x6
 287 0020 E7020000 		.4byte	.LASF0
 288 0024 02       		.uleb128 0x2
 289 0025 01       		.byte	0x1
 290 0026 08       		.byte	0x8
 291 0027 9B010000 		.4byte	.LASF1
 292 002b 02       		.uleb128 0x2
 293 002c 02       		.byte	0x2
 294 002d 05       		.byte	0x5
 295 002e B8020000 		.4byte	.LASF2
 296 0032 02       		.uleb128 0x2
 297 0033 02       		.byte	0x2
 298 0034 07       		.byte	0x7
 299 0035 58000000 		.4byte	.LASF3
 300 0039 02       		.uleb128 0x2
 301 003a 04       		.byte	0x4
 302 003b 05       		.byte	0x5
 303 003c D2020000 		.4byte	.LASF4
 304 0040 02       		.uleb128 0x2
 305 0041 04       		.byte	0x4
 306 0042 07       		.byte	0x7
 307 0043 09020000 		.4byte	.LASF5
 308 0047 02       		.uleb128 0x2
 309 0048 08       		.byte	0x8
 310 0049 05       		.byte	0x5
 311 004a 8E020000 		.4byte	.LASF6
 312 004e 02       		.uleb128 0x2
 313 004f 08       		.byte	0x8
 314 0050 07       		.byte	0x7
 315 0051 28020000 		.4byte	.LASF7
 316 0055 03       		.uleb128 0x3
 317 0056 04       		.byte	0x4
 318 0057 05       		.byte	0x5
 319 0058 696E7400 		.ascii	"int\000"
 320 005c 02       		.uleb128 0x2
 321 005d 04       		.byte	0x4
 322 005e 07       		.byte	0x7
 323 005f 1B020000 		.4byte	.LASF8
 324 0063 04       		.uleb128 0x4
 325 0064 C2020000 		.4byte	.LASF9
 326 0068 01       		.byte	0x1
 327 0069 E401     		.2byte	0x1e4
 328 006b 24000000 		.4byte	0x24
 329 006f 04       		.uleb128 0x4
 330 0070 B0010000 		.4byte	.LASF10
 331 0074 01       		.byte	0x1
 332 0075 E501     		.2byte	0x1e5
 333 0077 32000000 		.4byte	0x32
 334 007b 02       		.uleb128 0x2
 335 007c 04       		.byte	0x4
 336 007d 04       		.byte	0x4
 337 007e 6B000000 		.4byte	.LASF11
 338 0082 02       		.uleb128 0x2
 339 0083 08       		.byte	0x8
 340 0084 04       		.byte	0x4
 341 0085 A9010000 		.4byte	.LASF12
 342 0089 02       		.uleb128 0x2
ARM GAS  C:\Users\ariky\AppData\Local\Temp\cc6ytO5b.s 			page 7


 343 008a 01       		.byte	0x1
 344 008b 08       		.byte	0x8
 345 008c A8020000 		.4byte	.LASF13
 346 0090 02       		.uleb128 0x2
 347 0091 08       		.byte	0x8
 348 0092 04       		.byte	0x4
 349 0093 DB020000 		.4byte	.LASF14
 350 0097 02       		.uleb128 0x2
 351 0098 04       		.byte	0x4
 352 0099 07       		.byte	0x7
 353 009a 85020000 		.4byte	.LASF15
 354 009e 05       		.uleb128 0x5
 355 009f 08       		.byte	0x8
 356 00a0 02       		.byte	0x2
 357 00a1 97       		.byte	0x97
 358 00a2 EF000000 		.4byte	0xef
 359 00a6 06       		.uleb128 0x6
 360 00a7 C8020000 		.4byte	.LASF16
 361 00ab 02       		.byte	0x2
 362 00ac 99       		.byte	0x99
 363 00ad 63000000 		.4byte	0x63
 364 00b1 00       		.byte	0
 365 00b2 06       		.uleb128 0x6
 366 00b3 71000000 		.4byte	.LASF17
 367 00b7 02       		.byte	0x2
 368 00b8 9A       		.byte	0x9a
 369 00b9 63000000 		.4byte	0x63
 370 00bd 01       		.byte	0x1
 371 00be 06       		.uleb128 0x6
 372 00bf 82010000 		.4byte	.LASF18
 373 00c3 02       		.byte	0x2
 374 00c4 9B       		.byte	0x9b
 375 00c5 63000000 		.4byte	0x63
 376 00c9 02       		.byte	0x2
 377 00ca 06       		.uleb128 0x6
 378 00cb 41000000 		.4byte	.LASF19
 379 00cf 02       		.byte	0x2
 380 00d0 9C       		.byte	0x9c
 381 00d1 63000000 		.4byte	0x63
 382 00d5 03       		.byte	0x3
 383 00d6 06       		.uleb128 0x6
 384 00d7 AD020000 		.4byte	.LASF20
 385 00db 02       		.byte	0x2
 386 00dc 9D       		.byte	0x9d
 387 00dd 6F000000 		.4byte	0x6f
 388 00e1 04       		.byte	0x4
 389 00e2 06       		.uleb128 0x6
 390 00e3 F3020000 		.4byte	.LASF21
 391 00e7 02       		.byte	0x2
 392 00e8 9E       		.byte	0x9e
 393 00e9 63000000 		.4byte	0x63
 394 00ed 06       		.byte	0x6
 395 00ee 00       		.byte	0
 396 00ef 07       		.uleb128 0x7
 397 00f0 6B020000 		.4byte	.LASF22
 398 00f4 02       		.byte	0x2
 399 00f5 9F       		.byte	0x9f
ARM GAS  C:\Users\ariky\AppData\Local\Temp\cc6ytO5b.s 			page 8


 400 00f6 9E000000 		.4byte	0x9e
 401 00fa 05       		.uleb128 0x5
 402 00fb 08       		.byte	0x8
 403 00fc 02       		.byte	0x2
 404 00fd AE       		.byte	0xae
 405 00fe 19010000 		.4byte	0x119
 406 0102 08       		.uleb128 0x8
 407 0103 6300     		.ascii	"c\000"
 408 0105 02       		.byte	0x2
 409 0106 B0       		.byte	0xb0
 410 0107 63000000 		.4byte	0x63
 411 010b 00       		.byte	0
 412 010c 06       		.uleb128 0x6
 413 010d 64020000 		.4byte	.LASF23
 414 0111 02       		.byte	0x2
 415 0112 B1       		.byte	0xb1
 416 0113 19010000 		.4byte	0x119
 417 0117 04       		.byte	0x4
 418 0118 00       		.byte	0
 419 0119 09       		.uleb128 0x9
 420 011a 04       		.byte	0x4
 421 011b 1F010000 		.4byte	0x11f
 422 011f 0A       		.uleb128 0xa
 423 0120 07       		.uleb128 0x7
 424 0121 9C020000 		.4byte	.LASF24
 425 0125 02       		.byte	0x2
 426 0126 B2       		.byte	0xb2
 427 0127 FA000000 		.4byte	0xfa
 428 012b 0B       		.uleb128 0xb
 429 012c 3B010000 		.4byte	0x13b
 430 0130 3B010000 		.4byte	0x13b
 431 0134 0C       		.uleb128 0xc
 432 0135 97000000 		.4byte	0x97
 433 0139 11       		.byte	0x11
 434 013a 00       		.byte	0
 435 013b 0D       		.uleb128 0xd
 436 013c 63000000 		.4byte	0x63
 437 0140 0E       		.uleb128 0xe
 438 0141 00000000 		.4byte	.LASF25
 439 0145 03       		.byte	0x3
 440 0146 24       		.byte	0x24
 441 0147 51010000 		.4byte	0x151
 442 014b 05       		.uleb128 0x5
 443 014c 03       		.byte	0x3
 444 014d 00000000 		.4byte	USBFS_DEVICE0_DESCR
 445 0151 0D       		.uleb128 0xd
 446 0152 2B010000 		.4byte	0x12b
 447 0156 0B       		.uleb128 0xb
 448 0157 3B010000 		.4byte	0x13b
 449 015b 66010000 		.4byte	0x166
 450 015f 0C       		.uleb128 0xc
 451 0160 97000000 		.4byte	0x97
 452 0164 1F       		.byte	0x1f
 453 0165 00       		.byte	0
 454 0166 0E       		.uleb128 0xe
 455 0167 E6010000 		.4byte	.LASF26
 456 016b 03       		.byte	0x3
ARM GAS  C:\Users\ariky\AppData\Local\Temp\cc6ytO5b.s 			page 9


 457 016c 37       		.byte	0x37
 458 016d 77010000 		.4byte	0x177
 459 0171 05       		.uleb128 0x5
 460 0172 03       		.byte	0x3
 461 0173 00000000 		.4byte	USBFS_DEVICE0_CONFIGURATION0_DESCR
 462 0177 0D       		.uleb128 0xd
 463 0178 56010000 		.4byte	0x156
 464 017c 0B       		.uleb128 0xb
 465 017d 8C010000 		.4byte	0x18c
 466 0181 8C010000 		.4byte	0x18c
 467 0185 0C       		.uleb128 0xc
 468 0186 97000000 		.4byte	0x97
 469 018a 01       		.byte	0x1
 470 018b 00       		.byte	0
 471 018c 0D       		.uleb128 0xd
 472 018d EF000000 		.4byte	0xef
 473 0191 0E       		.uleb128 0xe
 474 0192 B7010000 		.4byte	.LASF27
 475 0196 03       		.byte	0x3
 476 0197 8F       		.byte	0x8f
 477 0198 A2010000 		.4byte	0x1a2
 478 019c 05       		.uleb128 0x5
 479 019d 03       		.byte	0x3
 480 019e 00000000 		.4byte	USBFS_DEVICE0_CONFIGURATION0_EP_SETTINGS_TABLE
 481 01a2 0D       		.uleb128 0xd
 482 01a3 7C010000 		.4byte	0x17c
 483 01a7 0B       		.uleb128 0xb
 484 01a8 3B010000 		.4byte	0x13b
 485 01ac B7010000 		.4byte	0x1b7
 486 01b0 0C       		.uleb128 0xc
 487 01b1 97000000 		.4byte	0x97
 488 01b5 00       		.byte	0
 489 01b6 00       		.byte	0
 490 01b7 0E       		.uleb128 0xe
 491 01b8 14000000 		.4byte	.LASF28
 492 01bc 03       		.byte	0x3
 493 01bd 94       		.byte	0x94
 494 01be C8010000 		.4byte	0x1c8
 495 01c2 05       		.uleb128 0x5
 496 01c3 03       		.byte	0x3
 497 01c4 00000000 		.4byte	USBFS_DEVICE0_CONFIGURATION0_INTERFACE_CLASS
 498 01c8 0D       		.uleb128 0xd
 499 01c9 A7010000 		.4byte	0x1a7
 500 01cd 0B       		.uleb128 0xb
 501 01ce DD010000 		.4byte	0x1dd
 502 01d2 DD010000 		.4byte	0x1dd
 503 01d6 0C       		.uleb128 0xc
 504 01d7 97000000 		.4byte	0x97
 505 01db 03       		.byte	0x3
 506 01dc 00       		.byte	0
 507 01dd 0D       		.uleb128 0xd
 508 01de 20010000 		.4byte	0x120
 509 01e2 0E       		.uleb128 0xe
 510 01e3 5F010000 		.4byte	.LASF29
 511 01e7 03       		.byte	0x3
 512 01e8 9C       		.byte	0x9c
 513 01e9 F3010000 		.4byte	0x1f3
ARM GAS  C:\Users\ariky\AppData\Local\Temp\cc6ytO5b.s 			page 10


 514 01ed 05       		.uleb128 0x5
 515 01ee 03       		.byte	0x3
 516 01ef 00000000 		.4byte	USBFS_DEVICE0_CONFIGURATION0_TABLE
 517 01f3 0D       		.uleb128 0xd
 518 01f4 CD010000 		.4byte	0x1cd
 519 01f8 0B       		.uleb128 0xb
 520 01f9 DD010000 		.4byte	0x1dd
 521 01fd 08020000 		.4byte	0x208
 522 0201 0C       		.uleb128 0xc
 523 0202 97000000 		.4byte	0x97
 524 0206 02       		.byte	0x2
 525 0207 00       		.byte	0
 526 0208 0E       		.uleb128 0xe
 527 0209 87010000 		.4byte	.LASF30
 528 020d 03       		.byte	0x3
 529 020e A6       		.byte	0xa6
 530 020f 19020000 		.4byte	0x219
 531 0213 05       		.uleb128 0x5
 532 0214 03       		.byte	0x3
 533 0215 00000000 		.4byte	USBFS_DEVICE0_TABLE
 534 0219 0D       		.uleb128 0xd
 535 021a F8010000 		.4byte	0x1f8
 536 021e 0B       		.uleb128 0xb
 537 021f DD010000 		.4byte	0x1dd
 538 0223 2E020000 		.4byte	0x22e
 539 0227 0C       		.uleb128 0xc
 540 0228 97000000 		.4byte	0x97
 541 022c 00       		.byte	0
 542 022d 00       		.byte	0
 543 022e 0E       		.uleb128 0xe
 544 022f 4C000000 		.4byte	.LASF31
 545 0233 03       		.byte	0x3
 546 0234 AE       		.byte	0xae
 547 0235 3F020000 		.4byte	0x23f
 548 0239 05       		.uleb128 0x5
 549 023a 03       		.byte	0x3
 550 023b 00000000 		.4byte	USBFS_TABLE
 551 023f 0D       		.uleb128 0xd
 552 0240 1E020000 		.4byte	0x21e
 553 0244 0B       		.uleb128 0xb
 554 0245 3B010000 		.4byte	0x13b
 555 0249 54020000 		.4byte	0x254
 556 024d 0C       		.uleb128 0xc
 557 024e 97000000 		.4byte	0x97
 558 0252 7A       		.byte	0x7a
 559 0253 00       		.byte	0
 560 0254 0E       		.uleb128 0xe
 561 0255 7C000000 		.4byte	.LASF32
 562 0259 03       		.byte	0x3
 563 025a 63       		.byte	0x63
 564 025b 65020000 		.4byte	0x265
 565 025f 05       		.uleb128 0x5
 566 0260 03       		.byte	0x3
 567 0261 00000000 		.4byte	USBFS_STRING_DESCRIPTORS
 568 0265 0D       		.uleb128 0xd
 569 0266 44020000 		.4byte	0x244
 570 026a 00       		.byte	0
ARM GAS  C:\Users\ariky\AppData\Local\Temp\cc6ytO5b.s 			page 11


 571              		.section	.debug_abbrev,"",%progbits
 572              	.Ldebug_abbrev0:
 573 0000 01       		.uleb128 0x1
 574 0001 11       		.uleb128 0x11
 575 0002 01       		.byte	0x1
 576 0003 25       		.uleb128 0x25
 577 0004 0E       		.uleb128 0xe
 578 0005 13       		.uleb128 0x13
 579 0006 0B       		.uleb128 0xb
 580 0007 03       		.uleb128 0x3
 581 0008 0E       		.uleb128 0xe
 582 0009 1B       		.uleb128 0x1b
 583 000a 0E       		.uleb128 0xe
 584 000b 10       		.uleb128 0x10
 585 000c 17       		.uleb128 0x17
 586 000d 00       		.byte	0
 587 000e 00       		.byte	0
 588 000f 02       		.uleb128 0x2
 589 0010 24       		.uleb128 0x24
 590 0011 00       		.byte	0
 591 0012 0B       		.uleb128 0xb
 592 0013 0B       		.uleb128 0xb
 593 0014 3E       		.uleb128 0x3e
 594 0015 0B       		.uleb128 0xb
 595 0016 03       		.uleb128 0x3
 596 0017 0E       		.uleb128 0xe
 597 0018 00       		.byte	0
 598 0019 00       		.byte	0
 599 001a 03       		.uleb128 0x3
 600 001b 24       		.uleb128 0x24
 601 001c 00       		.byte	0
 602 001d 0B       		.uleb128 0xb
 603 001e 0B       		.uleb128 0xb
 604 001f 3E       		.uleb128 0x3e
 605 0020 0B       		.uleb128 0xb
 606 0021 03       		.uleb128 0x3
 607 0022 08       		.uleb128 0x8
 608 0023 00       		.byte	0
 609 0024 00       		.byte	0
 610 0025 04       		.uleb128 0x4
 611 0026 16       		.uleb128 0x16
 612 0027 00       		.byte	0
 613 0028 03       		.uleb128 0x3
 614 0029 0E       		.uleb128 0xe
 615 002a 3A       		.uleb128 0x3a
 616 002b 0B       		.uleb128 0xb
 617 002c 3B       		.uleb128 0x3b
 618 002d 05       		.uleb128 0x5
 619 002e 49       		.uleb128 0x49
 620 002f 13       		.uleb128 0x13
 621 0030 00       		.byte	0
 622 0031 00       		.byte	0
 623 0032 05       		.uleb128 0x5
 624 0033 13       		.uleb128 0x13
 625 0034 01       		.byte	0x1
 626 0035 0B       		.uleb128 0xb
 627 0036 0B       		.uleb128 0xb
ARM GAS  C:\Users\ariky\AppData\Local\Temp\cc6ytO5b.s 			page 12


 628 0037 3A       		.uleb128 0x3a
 629 0038 0B       		.uleb128 0xb
 630 0039 3B       		.uleb128 0x3b
 631 003a 0B       		.uleb128 0xb
 632 003b 01       		.uleb128 0x1
 633 003c 13       		.uleb128 0x13
 634 003d 00       		.byte	0
 635 003e 00       		.byte	0
 636 003f 06       		.uleb128 0x6
 637 0040 0D       		.uleb128 0xd
 638 0041 00       		.byte	0
 639 0042 03       		.uleb128 0x3
 640 0043 0E       		.uleb128 0xe
 641 0044 3A       		.uleb128 0x3a
 642 0045 0B       		.uleb128 0xb
 643 0046 3B       		.uleb128 0x3b
 644 0047 0B       		.uleb128 0xb
 645 0048 49       		.uleb128 0x49
 646 0049 13       		.uleb128 0x13
 647 004a 38       		.uleb128 0x38
 648 004b 0B       		.uleb128 0xb
 649 004c 00       		.byte	0
 650 004d 00       		.byte	0
 651 004e 07       		.uleb128 0x7
 652 004f 16       		.uleb128 0x16
 653 0050 00       		.byte	0
 654 0051 03       		.uleb128 0x3
 655 0052 0E       		.uleb128 0xe
 656 0053 3A       		.uleb128 0x3a
 657 0054 0B       		.uleb128 0xb
 658 0055 3B       		.uleb128 0x3b
 659 0056 0B       		.uleb128 0xb
 660 0057 49       		.uleb128 0x49
 661 0058 13       		.uleb128 0x13
 662 0059 00       		.byte	0
 663 005a 00       		.byte	0
 664 005b 08       		.uleb128 0x8
 665 005c 0D       		.uleb128 0xd
 666 005d 00       		.byte	0
 667 005e 03       		.uleb128 0x3
 668 005f 08       		.uleb128 0x8
 669 0060 3A       		.uleb128 0x3a
 670 0061 0B       		.uleb128 0xb
 671 0062 3B       		.uleb128 0x3b
 672 0063 0B       		.uleb128 0xb
 673 0064 49       		.uleb128 0x49
 674 0065 13       		.uleb128 0x13
 675 0066 38       		.uleb128 0x38
 676 0067 0B       		.uleb128 0xb
 677 0068 00       		.byte	0
 678 0069 00       		.byte	0
 679 006a 09       		.uleb128 0x9
 680 006b 0F       		.uleb128 0xf
 681 006c 00       		.byte	0
 682 006d 0B       		.uleb128 0xb
 683 006e 0B       		.uleb128 0xb
 684 006f 49       		.uleb128 0x49
ARM GAS  C:\Users\ariky\AppData\Local\Temp\cc6ytO5b.s 			page 13


 685 0070 13       		.uleb128 0x13
 686 0071 00       		.byte	0
 687 0072 00       		.byte	0
 688 0073 0A       		.uleb128 0xa
 689 0074 26       		.uleb128 0x26
 690 0075 00       		.byte	0
 691 0076 00       		.byte	0
 692 0077 00       		.byte	0
 693 0078 0B       		.uleb128 0xb
 694 0079 01       		.uleb128 0x1
 695 007a 01       		.byte	0x1
 696 007b 49       		.uleb128 0x49
 697 007c 13       		.uleb128 0x13
 698 007d 01       		.uleb128 0x1
 699 007e 13       		.uleb128 0x13
 700 007f 00       		.byte	0
 701 0080 00       		.byte	0
 702 0081 0C       		.uleb128 0xc
 703 0082 21       		.uleb128 0x21
 704 0083 00       		.byte	0
 705 0084 49       		.uleb128 0x49
 706 0085 13       		.uleb128 0x13
 707 0086 2F       		.uleb128 0x2f
 708 0087 0B       		.uleb128 0xb
 709 0088 00       		.byte	0
 710 0089 00       		.byte	0
 711 008a 0D       		.uleb128 0xd
 712 008b 26       		.uleb128 0x26
 713 008c 00       		.byte	0
 714 008d 49       		.uleb128 0x49
 715 008e 13       		.uleb128 0x13
 716 008f 00       		.byte	0
 717 0090 00       		.byte	0
 718 0091 0E       		.uleb128 0xe
 719 0092 34       		.uleb128 0x34
 720 0093 00       		.byte	0
 721 0094 03       		.uleb128 0x3
 722 0095 0E       		.uleb128 0xe
 723 0096 3A       		.uleb128 0x3a
 724 0097 0B       		.uleb128 0xb
 725 0098 3B       		.uleb128 0x3b
 726 0099 0B       		.uleb128 0xb
 727 009a 49       		.uleb128 0x49
 728 009b 13       		.uleb128 0x13
 729 009c 3F       		.uleb128 0x3f
 730 009d 19       		.uleb128 0x19
 731 009e 02       		.uleb128 0x2
 732 009f 18       		.uleb128 0x18
 733 00a0 00       		.byte	0
 734 00a1 00       		.byte	0
 735 00a2 00       		.byte	0
 736              		.section	.debug_aranges,"",%progbits
 737 0000 14000000 		.4byte	0x14
 738 0004 0200     		.2byte	0x2
 739 0006 00000000 		.4byte	.Ldebug_info0
 740 000a 04       		.byte	0x4
 741 000b 00       		.byte	0
ARM GAS  C:\Users\ariky\AppData\Local\Temp\cc6ytO5b.s 			page 14


 742 000c 0000     		.2byte	0
 743 000e 0000     		.2byte	0
 744 0010 00000000 		.4byte	0
 745 0014 00000000 		.4byte	0
 746              		.section	.debug_line,"",%progbits
 747              	.Ldebug_line0:
 748 0000 59000000 		.section	.debug_str,"MS",%progbits,1
 748      02005300 
 748      00000201 
 748      FB0E0D00 
 748      01010101 
 749              	.LASF25:
 750 0000 55534246 		.ascii	"USBFS_DEVICE0_DESCR\000"
 750      535F4445 
 750      56494345 
 750      305F4445 
 750      53435200 
 751              	.LASF28:
 752 0014 55534246 		.ascii	"USBFS_DEVICE0_CONFIGURATION0_INTERFACE_CLASS\000"
 752      535F4445 
 752      56494345 
 752      305F434F 
 752      4E464947 
 753              	.LASF19:
 754 0041 61747472 		.ascii	"attributes\000"
 754      69627574 
 754      657300
 755              	.LASF31:
 756 004c 55534246 		.ascii	"USBFS_TABLE\000"
 756      535F5441 
 756      424C4500 
 757              	.LASF3:
 758 0058 73686F72 		.ascii	"short unsigned int\000"
 758      7420756E 
 758      7369676E 
 758      65642069 
 758      6E7400
 759              	.LASF11:
 760 006b 666C6F61 		.ascii	"float\000"
 760      7400
 761              	.LASF17:
 762 0071 616C7453 		.ascii	"altSetting\000"
 762      65747469 
 762      6E6700
 763              	.LASF32:
 764 007c 55534246 		.ascii	"USBFS_STRING_DESCRIPTORS\000"
 764      535F5354 
 764      52494E47 
 764      5F444553 
 764      43524950 
 765              	.LASF33:
 766 0095 474E5520 		.ascii	"GNU C11 5.4.1 20160609 (release) [ARM/embedded-5-br"
 766      43313120 
 766      352E342E 
 766      31203230 
 766      31363036 
 767 00c8 616E6368 		.ascii	"anch revision 237715] -mcpu=cortex-m3 -mthumb -g -O"
ARM GAS  C:\Users\ariky\AppData\Local\Temp\cc6ytO5b.s 			page 15


 767      20726576 
 767      6973696F 
 767      6E203233 
 767      37373135 
 768 00fb 67202D66 		.ascii	"g -ffunction-sections -ffat-lto-objects\000"
 768      66756E63 
 768      74696F6E 
 768      2D736563 
 768      74696F6E 
 769              	.LASF35:
 770 0123 433A5C55 		.ascii	"C:\\Users\\ariky\\Documents\\PSoC Creator\\Lab4\\La"
 770      73657273 
 770      5C617269 
 770      6B795C44 
 770      6F63756D 
 771 0150 6250726F 		.ascii	"bProject.cydsn\000"
 771      6A656374 
 771      2E637964 
 771      736E00
 772              	.LASF29:
 773 015f 55534246 		.ascii	"USBFS_DEVICE0_CONFIGURATION0_TABLE\000"
 773      535F4445 
 773      56494345 
 773      305F434F 
 773      4E464947 
 774              	.LASF18:
 775 0182 61646472 		.ascii	"addr\000"
 775      00
 776              	.LASF30:
 777 0187 55534246 		.ascii	"USBFS_DEVICE0_TABLE\000"
 777      535F4445 
 777      56494345 
 777      305F5441 
 777      424C4500 
 778              	.LASF1:
 779 019b 756E7369 		.ascii	"unsigned char\000"
 779      676E6564 
 779      20636861 
 779      7200
 780              	.LASF12:
 781 01a9 646F7562 		.ascii	"double\000"
 781      6C6500
 782              	.LASF10:
 783 01b0 75696E74 		.ascii	"uint16\000"
 783      313600
 784              	.LASF27:
 785 01b7 55534246 		.ascii	"USBFS_DEVICE0_CONFIGURATION0_EP_SETTINGS_TABLE\000"
 785      535F4445 
 785      56494345 
 785      305F434F 
 785      4E464947 
 786              	.LASF26:
 787 01e6 55534246 		.ascii	"USBFS_DEVICE0_CONFIGURATION0_DESCR\000"
 787      535F4445 
 787      56494345 
 787      305F434F 
 787      4E464947 
ARM GAS  C:\Users\ariky\AppData\Local\Temp\cc6ytO5b.s 			page 16


 788              	.LASF5:
 789 0209 6C6F6E67 		.ascii	"long unsigned int\000"
 789      20756E73 
 789      69676E65 
 789      6420696E 
 789      7400
 790              	.LASF8:
 791 021b 756E7369 		.ascii	"unsigned int\000"
 791      676E6564 
 791      20696E74 
 791      00
 792              	.LASF7:
 793 0228 6C6F6E67 		.ascii	"long long unsigned int\000"
 793      206C6F6E 
 793      6720756E 
 793      7369676E 
 793      65642069 
 794              	.LASF34:
 795 023f 47656E65 		.ascii	"Generated_Source\\PSoC5\\USBFS_descr.c\000"
 795      72617465 
 795      645F536F 
 795      75726365 
 795      5C50536F 
 796              	.LASF23:
 797 0264 705F6C69 		.ascii	"p_list\000"
 797      737400
 798              	.LASF22:
 799 026b 545F5553 		.ascii	"T_USBFS_EP_SETTINGS_BLOCK\000"
 799      4246535F 
 799      45505F53 
 799      45545449 
 799      4E47535F 
 800              	.LASF15:
 801 0285 73697A65 		.ascii	"sizetype\000"
 801      74797065 
 801      00
 802              	.LASF6:
 803 028e 6C6F6E67 		.ascii	"long long int\000"
 803      206C6F6E 
 803      6720696E 
 803      7400
 804              	.LASF24:
 805 029c 545F5553 		.ascii	"T_USBFS_LUT\000"
 805      4246535F 
 805      4C555400 
 806              	.LASF13:
 807 02a8 63686172 		.ascii	"char\000"
 807      00
 808              	.LASF20:
 809 02ad 62756666 		.ascii	"bufferSize\000"
 809      65725369 
 809      7A6500
 810              	.LASF2:
 811 02b8 73686F72 		.ascii	"short int\000"
 811      7420696E 
 811      7400
 812              	.LASF9:
ARM GAS  C:\Users\ariky\AppData\Local\Temp\cc6ytO5b.s 			page 17


 813 02c2 75696E74 		.ascii	"uint8\000"
 813      3800
 814              	.LASF16:
 815 02c8 696E7465 		.ascii	"interface\000"
 815      72666163 
 815      6500
 816              	.LASF4:
 817 02d2 6C6F6E67 		.ascii	"long int\000"
 817      20696E74 
 817      00
 818              	.LASF14:
 819 02db 6C6F6E67 		.ascii	"long double\000"
 819      20646F75 
 819      626C6500 
 820              	.LASF0:
 821 02e7 7369676E 		.ascii	"signed char\000"
 821      65642063 
 821      68617200 
 822              	.LASF21:
 823 02f3 624D6973 		.ascii	"bMisc\000"
 823      6300
 824              		.ident	"GCC: (GNU Tools for ARM Embedded Processors) 5.4.1 20160609 (release) [ARM/embedded-5-bran
