ARM GAS  C:\Users\ariky\AppData\Local\Temp\ccwyjeD5.s 			page 1


   1              		.syntax unified
   2              		.cpu cortex-m3
   3              		.fpu softvfp
   4              		.eabi_attribute 20, 1
   5              		.eabi_attribute 21, 1
   6              		.eabi_attribute 23, 3
   7              		.eabi_attribute 24, 1
   8              		.eabi_attribute 25, 1
   9              		.eabi_attribute 26, 1
  10              		.eabi_attribute 30, 1
  11              		.eabi_attribute 34, 1
  12              		.eabi_attribute 18, 4
  13              		.thumb
  14              		.syntax unified
  15              		.file	"USBFS_cls.c"
  16              		.text
  17              	.Ltext0:
  18              		.cfi_sections	.debug_frame
  19              		.section	.text.USBFS_DispatchClassRqst,"ax",%progbits
  20              		.align	2
  21              		.global	USBFS_DispatchClassRqst
  22              		.thumb
  23              		.thumb_func
  24              		.type	USBFS_DispatchClassRqst, %function
  25              	USBFS_DispatchClassRqst:
  26              	.LFB0:
  27              		.file 1 "Generated_Source\\PSoC5\\USBFS_cls.c"
   1:Generated_Source\PSoC5/USBFS_cls.c **** /***************************************************************************//**
   2:Generated_Source\PSoC5/USBFS_cls.c **** * \file USBFS_cls.c
   3:Generated_Source\PSoC5/USBFS_cls.c **** * \version 3.20
   4:Generated_Source\PSoC5/USBFS_cls.c **** *
   5:Generated_Source\PSoC5/USBFS_cls.c **** * \brief
   6:Generated_Source\PSoC5/USBFS_cls.c **** *  This file contains the USB Class request handler.
   7:Generated_Source\PSoC5/USBFS_cls.c **** *
   8:Generated_Source\PSoC5/USBFS_cls.c **** ********************************************************************************
   9:Generated_Source\PSoC5/USBFS_cls.c **** * \copyright
  10:Generated_Source\PSoC5/USBFS_cls.c **** * Copyright 2008-2016, Cypress Semiconductor Corporation.  All rights reserved.
  11:Generated_Source\PSoC5/USBFS_cls.c **** * You may use this file only in accordance with the license, terms, conditions,
  12:Generated_Source\PSoC5/USBFS_cls.c **** * disclaimers, and limitations in the end user license agreement accompanying
  13:Generated_Source\PSoC5/USBFS_cls.c **** * the software package with which this file was provided.
  14:Generated_Source\PSoC5/USBFS_cls.c **** *******************************************************************************/
  15:Generated_Source\PSoC5/USBFS_cls.c **** 
  16:Generated_Source\PSoC5/USBFS_cls.c **** #include "USBFS_pvt.h"
  17:Generated_Source\PSoC5/USBFS_cls.c **** #include "cyapicallbacks.h"
  18:Generated_Source\PSoC5/USBFS_cls.c **** 
  19:Generated_Source\PSoC5/USBFS_cls.c **** #if(USBFS_EXTERN_CLS == USBFS_FALSE)
  20:Generated_Source\PSoC5/USBFS_cls.c **** 
  21:Generated_Source\PSoC5/USBFS_cls.c **** /***************************************
  22:Generated_Source\PSoC5/USBFS_cls.c **** * User Implemented Class Driver Declarations.
  23:Generated_Source\PSoC5/USBFS_cls.c **** ***************************************/
  24:Generated_Source\PSoC5/USBFS_cls.c **** /* `#START USER_DEFINED_CLASS_DECLARATIONS` Place your declaration here */
  25:Generated_Source\PSoC5/USBFS_cls.c **** 
  26:Generated_Source\PSoC5/USBFS_cls.c **** /* `#END` */
  27:Generated_Source\PSoC5/USBFS_cls.c **** 
  28:Generated_Source\PSoC5/USBFS_cls.c **** 
  29:Generated_Source\PSoC5/USBFS_cls.c **** /*******************************************************************************
  30:Generated_Source\PSoC5/USBFS_cls.c **** * Function Name: USBFS_DispatchClassRqst
ARM GAS  C:\Users\ariky\AppData\Local\Temp\ccwyjeD5.s 			page 2


  31:Generated_Source\PSoC5/USBFS_cls.c **** ****************************************************************************//**
  32:Generated_Source\PSoC5/USBFS_cls.c **** *  This routine dispatches class specific requests depend on interface class.
  33:Generated_Source\PSoC5/USBFS_cls.c **** *
  34:Generated_Source\PSoC5/USBFS_cls.c **** * \return
  35:Generated_Source\PSoC5/USBFS_cls.c **** *  requestHandled.
  36:Generated_Source\PSoC5/USBFS_cls.c **** *
  37:Generated_Source\PSoC5/USBFS_cls.c **** * \reentrant
  38:Generated_Source\PSoC5/USBFS_cls.c **** *  No.
  39:Generated_Source\PSoC5/USBFS_cls.c **** *
  40:Generated_Source\PSoC5/USBFS_cls.c **** *******************************************************************************/
  41:Generated_Source\PSoC5/USBFS_cls.c **** uint8 USBFS_DispatchClassRqst(void) 
  42:Generated_Source\PSoC5/USBFS_cls.c **** {
  28              		.loc 1 42 0
  29              		.cfi_startproc
  30              		@ args = 0, pretend = 0, frame = 0
  31              		@ frame_needed = 0, uses_anonymous_args = 0
  32              		@ link register save eliminated.
  33              	.LVL0:
  43:Generated_Source\PSoC5/USBFS_cls.c ****     uint8 interfaceNumber;
  44:Generated_Source\PSoC5/USBFS_cls.c ****     uint8 requestHandled = USBFS_FALSE;
  45:Generated_Source\PSoC5/USBFS_cls.c **** 
  46:Generated_Source\PSoC5/USBFS_cls.c ****     /* Get interface to which request is intended. */
  47:Generated_Source\PSoC5/USBFS_cls.c ****     switch (USBFS_bmRequestTypeReg & USBFS_RQST_RCPT_MASK)
  34              		.loc 1 47 0
  35 0000 0B4B     		ldr	r3, .L5
  36 0002 1B78     		ldrb	r3, [r3]	@ zero_extendqisi2
  37 0004 03F00303 		and	r3, r3, #3
  38 0008 012B     		cmp	r3, #1
  39 000a 02D0     		beq	.L3
  40 000c 022B     		cmp	r3, #2
  41 000e 03D0     		beq	.L4
  42 0010 0CE0     		b	.L2
  43              	.L3:
  48:Generated_Source\PSoC5/USBFS_cls.c ****     {
  49:Generated_Source\PSoC5/USBFS_cls.c ****         case USBFS_RQST_RCPT_IFC:
  50:Generated_Source\PSoC5/USBFS_cls.c ****             /* Class-specific request directed to interface: wIndexLoReg 
  51:Generated_Source\PSoC5/USBFS_cls.c ****             * contains interface number.
  52:Generated_Source\PSoC5/USBFS_cls.c ****             */
  53:Generated_Source\PSoC5/USBFS_cls.c ****             interfaceNumber = (uint8) USBFS_wIndexLoReg;
  44              		.loc 1 53 0
  45 0012 074B     		ldr	r3, .L5
  46 0014 1B79     		ldrb	r3, [r3, #4]	@ zero_extendqisi2
  47              	.LVL1:
  54:Generated_Source\PSoC5/USBFS_cls.c ****             break;
  48              		.loc 1 54 0
  49 0016 09E0     		b	.L2
  50              	.L4:
  55:Generated_Source\PSoC5/USBFS_cls.c ****         
  56:Generated_Source\PSoC5/USBFS_cls.c ****         case USBFS_RQST_RCPT_EP:
  57:Generated_Source\PSoC5/USBFS_cls.c ****             /* Class-specific request directed to endpoint: wIndexLoReg contains 
  58:Generated_Source\PSoC5/USBFS_cls.c ****             * endpoint number. Find interface related to endpoint. 
  59:Generated_Source\PSoC5/USBFS_cls.c ****             */
  60:Generated_Source\PSoC5/USBFS_cls.c ****             interfaceNumber = USBFS_EP[USBFS_wIndexLoReg & USBFS_DIR_UNUSED].interface;
  51              		.loc 1 60 0
  52 0018 054B     		ldr	r3, .L5
  53 001a 1B79     		ldrb	r3, [r3, #4]	@ zero_extendqisi2
  54 001c 03F07F03 		and	r3, r3, #127
ARM GAS  C:\Users\ariky\AppData\Local\Temp\ccwyjeD5.s 			page 3


  55 0020 03EB4303 		add	r3, r3, r3, lsl #1
  56 0024 9A00     		lsls	r2, r3, #2
  57 0026 034B     		ldr	r3, .L5+4
  58 0028 1A44     		add	r2, r2, r3
  59 002a 937A     		ldrb	r3, [r2, #10]	@ zero_extendqisi2
  60              	.L2:
  61:Generated_Source\PSoC5/USBFS_cls.c ****             break;
  62:Generated_Source\PSoC5/USBFS_cls.c ****             
  63:Generated_Source\PSoC5/USBFS_cls.c ****         default:
  64:Generated_Source\PSoC5/USBFS_cls.c ****             /* Default interface is zero. */
  65:Generated_Source\PSoC5/USBFS_cls.c ****             interfaceNumber = 0u;
  66:Generated_Source\PSoC5/USBFS_cls.c ****             break;
  67:Generated_Source\PSoC5/USBFS_cls.c ****     }
  68:Generated_Source\PSoC5/USBFS_cls.c ****     
  69:Generated_Source\PSoC5/USBFS_cls.c ****     /* Check that interface is within acceptable range */
  70:Generated_Source\PSoC5/USBFS_cls.c ****     if (interfaceNumber <= USBFS_MAX_INTERFACES_NUMBER)
  71:Generated_Source\PSoC5/USBFS_cls.c ****     {
  72:Generated_Source\PSoC5/USBFS_cls.c ****     #if (defined(USBFS_ENABLE_HID_CLASS)   || \
  73:Generated_Source\PSoC5/USBFS_cls.c ****          defined(USBFS_ENABLE_AUDIO_CLASS) || \
  74:Generated_Source\PSoC5/USBFS_cls.c ****          defined(USBFS_ENABLE_CDC_CLASS)   || \
  75:Generated_Source\PSoC5/USBFS_cls.c ****          USBFS_ENABLE_MSC_CLASS)
  76:Generated_Source\PSoC5/USBFS_cls.c **** 
  77:Generated_Source\PSoC5/USBFS_cls.c ****         /* Handle class request depends on interface type. */
  78:Generated_Source\PSoC5/USBFS_cls.c ****         switch (USBFS_interfaceClass[interfaceNumber])
  79:Generated_Source\PSoC5/USBFS_cls.c ****         {
  80:Generated_Source\PSoC5/USBFS_cls.c ****         #if defined(USBFS_ENABLE_HID_CLASS)
  81:Generated_Source\PSoC5/USBFS_cls.c ****             case USBFS_CLASS_HID:
  82:Generated_Source\PSoC5/USBFS_cls.c ****                 requestHandled = USBFS_DispatchHIDClassRqst();
  83:Generated_Source\PSoC5/USBFS_cls.c ****                 break;
  84:Generated_Source\PSoC5/USBFS_cls.c ****         #endif /* (USBFS_ENABLE_HID_CLASS) */
  85:Generated_Source\PSoC5/USBFS_cls.c ****                 
  86:Generated_Source\PSoC5/USBFS_cls.c ****         #if defined(USBFS_ENABLE_AUDIO_CLASS)
  87:Generated_Source\PSoC5/USBFS_cls.c ****             case USBFS_CLASS_AUDIO:
  88:Generated_Source\PSoC5/USBFS_cls.c ****                 requestHandled = USBFS_DispatchAUDIOClassRqst();
  89:Generated_Source\PSoC5/USBFS_cls.c ****                 break;
  90:Generated_Source\PSoC5/USBFS_cls.c ****         #endif /* (USBFS_CLASS_AUDIO) */
  91:Generated_Source\PSoC5/USBFS_cls.c ****                 
  92:Generated_Source\PSoC5/USBFS_cls.c ****         #if defined(USBFS_ENABLE_CDC_CLASS)
  93:Generated_Source\PSoC5/USBFS_cls.c ****             case USBFS_CLASS_CDC:
  94:Generated_Source\PSoC5/USBFS_cls.c ****                 requestHandled = USBFS_DispatchCDCClassRqst();
  95:Generated_Source\PSoC5/USBFS_cls.c ****                 break;
  96:Generated_Source\PSoC5/USBFS_cls.c ****         #endif /* (USBFS_ENABLE_CDC_CLASS) */
  97:Generated_Source\PSoC5/USBFS_cls.c ****             
  98:Generated_Source\PSoC5/USBFS_cls.c ****         #if (USBFS_ENABLE_MSC_CLASS)
  99:Generated_Source\PSoC5/USBFS_cls.c ****             case USBFS_CLASS_MSD:
 100:Generated_Source\PSoC5/USBFS_cls.c ****             #if (USBFS_HANDLE_MSC_REQUESTS)
 101:Generated_Source\PSoC5/USBFS_cls.c ****                 /* MSC requests are handled by the component. */
 102:Generated_Source\PSoC5/USBFS_cls.c ****                 requestHandled = USBFS_DispatchMSCClassRqst();
 103:Generated_Source\PSoC5/USBFS_cls.c ****             #elif defined(USBFS_DISPATCH_MSC_CLASS_RQST_CALLBACK)
 104:Generated_Source\PSoC5/USBFS_cls.c ****                 /* MSC requests are handled by user defined callbcak. */
 105:Generated_Source\PSoC5/USBFS_cls.c ****                 requestHandled = USBFS_DispatchMSCClassRqst_Callback();
 106:Generated_Source\PSoC5/USBFS_cls.c ****             #else
 107:Generated_Source\PSoC5/USBFS_cls.c ****                 /* MSC requests are not handled. */
 108:Generated_Source\PSoC5/USBFS_cls.c ****                 requestHandled = USBFS_FALSE;
 109:Generated_Source\PSoC5/USBFS_cls.c ****             #endif /* (USBFS_HANDLE_MSC_REQUESTS) */
 110:Generated_Source\PSoC5/USBFS_cls.c ****                 break;
 111:Generated_Source\PSoC5/USBFS_cls.c ****         #endif /* (USBFS_ENABLE_MSC_CLASS) */
ARM GAS  C:\Users\ariky\AppData\Local\Temp\ccwyjeD5.s 			page 4


 112:Generated_Source\PSoC5/USBFS_cls.c ****             
 113:Generated_Source\PSoC5/USBFS_cls.c ****             default:
 114:Generated_Source\PSoC5/USBFS_cls.c ****                 /* Request is not handled: unknown class request type. */
 115:Generated_Source\PSoC5/USBFS_cls.c ****                 requestHandled = USBFS_FALSE;
 116:Generated_Source\PSoC5/USBFS_cls.c ****                 break;
 117:Generated_Source\PSoC5/USBFS_cls.c ****         }
 118:Generated_Source\PSoC5/USBFS_cls.c ****     #endif /* Class support is enabled */
 119:Generated_Source\PSoC5/USBFS_cls.c ****     }
 120:Generated_Source\PSoC5/USBFS_cls.c ****     
 121:Generated_Source\PSoC5/USBFS_cls.c ****     /* `#START USER_DEFINED_CLASS_CODE` Place your Class request here */
 122:Generated_Source\PSoC5/USBFS_cls.c **** 
 123:Generated_Source\PSoC5/USBFS_cls.c ****     /* `#END` */
 124:Generated_Source\PSoC5/USBFS_cls.c **** 
 125:Generated_Source\PSoC5/USBFS_cls.c **** #ifdef USBFS_DISPATCH_CLASS_RQST_CALLBACK
 126:Generated_Source\PSoC5/USBFS_cls.c ****     if (USBFS_FALSE == requestHandled)
 127:Generated_Source\PSoC5/USBFS_cls.c ****     {
 128:Generated_Source\PSoC5/USBFS_cls.c ****         requestHandled = USBFS_DispatchClassRqst_Callback(interfaceNumber);
 129:Generated_Source\PSoC5/USBFS_cls.c ****     }
 130:Generated_Source\PSoC5/USBFS_cls.c **** #endif /* (USBFS_DISPATCH_CLASS_RQST_CALLBACK) */
 131:Generated_Source\PSoC5/USBFS_cls.c **** 
 132:Generated_Source\PSoC5/USBFS_cls.c ****     return (requestHandled);
 133:Generated_Source\PSoC5/USBFS_cls.c **** }
  61              		.loc 1 133 0
  62 002c 0020     		movs	r0, #0
  63 002e 7047     		bx	lr
  64              	.L6:
  65              		.align	2
  66              	.L5:
  67 0030 00600040 		.word	1073766400
  68 0034 00000000 		.word	USBFS_EP
  69              		.cfi_endproc
  70              	.LFE0:
  71              		.size	USBFS_DispatchClassRqst, .-USBFS_DispatchClassRqst
  72              		.text
  73              	.Letext0:
  74              		.file 2 "Generated_Source\\PSoC5\\cytypes.h"
  75              		.file 3 "Generated_Source\\PSoC5\\USBFS.h"
  76              		.file 4 "Generated_Source\\PSoC5\\USBFS_pvt.h"
  77              		.section	.debug_info,"",%progbits
  78              	.Ldebug_info0:
  79 0000 A9010000 		.4byte	0x1a9
  80 0004 0400     		.2byte	0x4
  81 0006 00000000 		.4byte	.Ldebug_abbrev0
  82 000a 04       		.byte	0x4
  83 000b 01       		.uleb128 0x1
  84 000c 7E000000 		.4byte	.LASF28
  85 0010 0C       		.byte	0xc
  86 0011 4D000000 		.4byte	.LASF29
  87 0015 0C010000 		.4byte	.LASF30
  88 0019 00000000 		.4byte	.Ldebug_ranges0+0
  89 001d 00000000 		.4byte	0
  90 0021 00000000 		.4byte	.Ldebug_line0
  91 0025 02       		.uleb128 0x2
  92 0026 01       		.byte	0x1
  93 0027 06       		.byte	0x6
  94 0028 5C020000 		.4byte	.LASF0
  95 002c 02       		.uleb128 0x2
ARM GAS  C:\Users\ariky\AppData\Local\Temp\ccwyjeD5.s 			page 5


  96 002d 01       		.byte	0x1
  97 002e 08       		.byte	0x8
  98 002f 70000000 		.4byte	.LASF1
  99 0033 02       		.uleb128 0x2
 100 0034 02       		.byte	0x2
 101 0035 05       		.byte	0x5
 102 0036 2D020000 		.4byte	.LASF2
 103 003a 02       		.uleb128 0x2
 104 003b 02       		.byte	0x2
 105 003c 07       		.byte	0x7
 106 003d 00000000 		.4byte	.LASF3
 107 0041 02       		.uleb128 0x2
 108 0042 04       		.byte	0x4
 109 0043 05       		.byte	0x5
 110 0044 47020000 		.4byte	.LASF4
 111 0048 02       		.uleb128 0x2
 112 0049 04       		.byte	0x4
 113 004a 07       		.byte	0x7
 114 004b 60010000 		.4byte	.LASF5
 115 004f 02       		.uleb128 0x2
 116 0050 08       		.byte	0x8
 117 0051 05       		.byte	0x5
 118 0052 0F020000 		.4byte	.LASF6
 119 0056 02       		.uleb128 0x2
 120 0057 08       		.byte	0x8
 121 0058 07       		.byte	0x7
 122 0059 DE010000 		.4byte	.LASF7
 123 005d 03       		.uleb128 0x3
 124 005e 04       		.byte	0x4
 125 005f 05       		.byte	0x5
 126 0060 696E7400 		.ascii	"int\000"
 127 0064 02       		.uleb128 0x2
 128 0065 04       		.byte	0x4
 129 0066 07       		.byte	0x7
 130 0067 D1010000 		.4byte	.LASF8
 131 006b 04       		.uleb128 0x4
 132 006c 37020000 		.4byte	.LASF9
 133 0070 02       		.byte	0x2
 134 0071 E401     		.2byte	0x1e4
 135 0073 2C000000 		.4byte	0x2c
 136 0077 04       		.uleb128 0x4
 137 0078 BF010000 		.4byte	.LASF10
 138 007c 02       		.byte	0x2
 139 007d E501     		.2byte	0x1e5
 140 007f 3A000000 		.4byte	0x3a
 141 0083 02       		.uleb128 0x2
 142 0084 04       		.byte	0x4
 143 0085 04       		.byte	0x4
 144 0086 3E000000 		.4byte	.LASF11
 145 008a 02       		.uleb128 0x2
 146 008b 08       		.byte	0x8
 147 008c 04       		.byte	0x4
 148 008d A6010000 		.4byte	.LASF12
 149 0091 02       		.uleb128 0x2
 150 0092 01       		.byte	0x1
 151 0093 08       		.byte	0x8
 152 0094 1D020000 		.4byte	.LASF13
ARM GAS  C:\Users\ariky\AppData\Local\Temp\ccwyjeD5.s 			page 6


 153 0098 02       		.uleb128 0x2
 154 0099 08       		.byte	0x8
 155 009a 04       		.byte	0x4
 156 009b 50020000 		.4byte	.LASF14
 157 009f 02       		.uleb128 0x2
 158 00a0 04       		.byte	0x4
 159 00a1 07       		.byte	0x7
 160 00a2 FF010000 		.4byte	.LASF15
 161 00a6 05       		.uleb128 0x5
 162 00a7 0C       		.byte	0xc
 163 00a8 03       		.byte	0x3
 164 00a9 8A       		.byte	0x8a
 165 00aa 1B010000 		.4byte	0x11b
 166 00ae 06       		.uleb128 0x6
 167 00af AD010000 		.4byte	.LASF16
 168 00b3 03       		.byte	0x3
 169 00b4 8C       		.byte	0x8c
 170 00b5 6B000000 		.4byte	0x6b
 171 00b9 00       		.byte	0
 172 00ba 06       		.uleb128 0x6
 173 00bb C6010000 		.4byte	.LASF17
 174 00bf 03       		.byte	0x3
 175 00c0 8D       		.byte	0x8d
 176 00c1 6B000000 		.4byte	0x6b
 177 00c5 01       		.byte	0x1
 178 00c6 06       		.uleb128 0x6
 179 00c7 F5010000 		.4byte	.LASF18
 180 00cb 03       		.byte	0x3
 181 00cc 8E       		.byte	0x8e
 182 00cd 6B000000 		.4byte	0x6b
 183 00d1 02       		.byte	0x2
 184 00d2 06       		.uleb128 0x6
 185 00d3 44000000 		.4byte	.LASF19
 186 00d7 03       		.byte	0x3
 187 00d8 8F       		.byte	0x8f
 188 00d9 6B000000 		.4byte	0x6b
 189 00dd 03       		.byte	0x3
 190 00de 06       		.uleb128 0x6
 191 00df 72010000 		.4byte	.LASF20
 192 00e3 03       		.byte	0x3
 193 00e4 90       		.byte	0x90
 194 00e5 6B000000 		.4byte	0x6b
 195 00e9 04       		.byte	0x4
 196 00ea 06       		.uleb128 0x6
 197 00eb 08020000 		.4byte	.LASF21
 198 00ef 03       		.byte	0x3
 199 00f0 91       		.byte	0x91
 200 00f1 6B000000 		.4byte	0x6b
 201 00f5 05       		.byte	0x5
 202 00f6 06       		.uleb128 0x6
 203 00f7 B4010000 		.4byte	.LASF22
 204 00fb 03       		.byte	0x3
 205 00fc 92       		.byte	0x92
 206 00fd 77000000 		.4byte	0x77
 207 0101 06       		.byte	0x6
 208 0102 06       		.uleb128 0x6
 209 0103 22020000 		.4byte	.LASF23
ARM GAS  C:\Users\ariky\AppData\Local\Temp\ccwyjeD5.s 			page 7


 210 0107 03       		.byte	0x3
 211 0108 93       		.byte	0x93
 212 0109 77000000 		.4byte	0x77
 213 010d 08       		.byte	0x8
 214 010e 06       		.uleb128 0x6
 215 010f 3D020000 		.4byte	.LASF24
 216 0113 03       		.byte	0x3
 217 0114 94       		.byte	0x94
 218 0115 6B000000 		.4byte	0x6b
 219 0119 0A       		.byte	0xa
 220 011a 00       		.byte	0
 221 011b 07       		.uleb128 0x7
 222 011c 13000000 		.4byte	.LASF25
 223 0120 03       		.byte	0x3
 224 0121 95       		.byte	0x95
 225 0122 A6000000 		.4byte	0xa6
 226 0126 05       		.uleb128 0x5
 227 0127 08       		.byte	0x8
 228 0128 03       		.byte	0x3
 229 0129 C2       		.byte	0xc2
 230 012a 3B010000 		.4byte	0x13b
 231 012e 06       		.uleb128 0x6
 232 012f 28000000 		.4byte	.LASF26
 233 0133 03       		.byte	0x3
 234 0134 C4       		.byte	0xc4
 235 0135 3B010000 		.4byte	0x13b
 236 0139 00       		.byte	0
 237 013a 00       		.byte	0
 238 013b 08       		.uleb128 0x8
 239 013c 6B000000 		.4byte	0x6b
 240 0140 4B010000 		.4byte	0x14b
 241 0144 09       		.uleb128 0x9
 242 0145 9F000000 		.4byte	0x9f
 243 0149 07       		.byte	0x7
 244 014a 00       		.byte	0
 245 014b 07       		.uleb128 0x7
 246 014c 90010000 		.4byte	.LASF27
 247 0150 03       		.byte	0x3
 248 0151 C5       		.byte	0xc5
 249 0152 26010000 		.4byte	0x126
 250 0156 0A       		.uleb128 0xa
 251 0157 48010000 		.4byte	.LASF31
 252 015b 01       		.byte	0x1
 253 015c 29       		.byte	0x29
 254 015d 6B000000 		.4byte	0x6b
 255 0161 00000000 		.4byte	.LFB0
 256 0165 38000000 		.4byte	.LFE0-.LFB0
 257 0169 01       		.uleb128 0x1
 258 016a 9C       		.byte	0x9c
 259 016b 87010000 		.4byte	0x187
 260 016f 0B       		.uleb128 0xb
 261 0170 77010000 		.4byte	.LASF32
 262 0174 01       		.byte	0x1
 263 0175 2B       		.byte	0x2b
 264 0176 6B000000 		.4byte	0x6b
 265 017a 0C       		.uleb128 0xc
 266 017b 2F000000 		.4byte	.LASF33
ARM GAS  C:\Users\ariky\AppData\Local\Temp\ccwyjeD5.s 			page 8


 267 017f 01       		.byte	0x1
 268 0180 2C       		.byte	0x2c
 269 0181 6B000000 		.4byte	0x6b
 270 0185 00       		.byte	0
 271 0186 00       		.byte	0
 272 0187 08       		.uleb128 0x8
 273 0188 97010000 		.4byte	0x197
 274 018c 97010000 		.4byte	0x197
 275 0190 09       		.uleb128 0x9
 276 0191 9F000000 		.4byte	0x9f
 277 0195 08       		.byte	0x8
 278 0196 00       		.byte	0
 279 0197 0D       		.uleb128 0xd
 280 0198 1B010000 		.4byte	0x11b
 281 019c 0E       		.uleb128 0xe
 282 019d 87010000 		.4byte	.LASF34
 283 01a1 04       		.byte	0x4
 284 01a2 78       		.byte	0x78
 285 01a3 A7010000 		.4byte	0x1a7
 286 01a7 0D       		.uleb128 0xd
 287 01a8 87010000 		.4byte	0x187
 288 01ac 00       		.byte	0
 289              		.section	.debug_abbrev,"",%progbits
 290              	.Ldebug_abbrev0:
 291 0000 01       		.uleb128 0x1
 292 0001 11       		.uleb128 0x11
 293 0002 01       		.byte	0x1
 294 0003 25       		.uleb128 0x25
 295 0004 0E       		.uleb128 0xe
 296 0005 13       		.uleb128 0x13
 297 0006 0B       		.uleb128 0xb
 298 0007 03       		.uleb128 0x3
 299 0008 0E       		.uleb128 0xe
 300 0009 1B       		.uleb128 0x1b
 301 000a 0E       		.uleb128 0xe
 302 000b 55       		.uleb128 0x55
 303 000c 17       		.uleb128 0x17
 304 000d 11       		.uleb128 0x11
 305 000e 01       		.uleb128 0x1
 306 000f 10       		.uleb128 0x10
 307 0010 17       		.uleb128 0x17
 308 0011 00       		.byte	0
 309 0012 00       		.byte	0
 310 0013 02       		.uleb128 0x2
 311 0014 24       		.uleb128 0x24
 312 0015 00       		.byte	0
 313 0016 0B       		.uleb128 0xb
 314 0017 0B       		.uleb128 0xb
 315 0018 3E       		.uleb128 0x3e
 316 0019 0B       		.uleb128 0xb
 317 001a 03       		.uleb128 0x3
 318 001b 0E       		.uleb128 0xe
 319 001c 00       		.byte	0
 320 001d 00       		.byte	0
 321 001e 03       		.uleb128 0x3
 322 001f 24       		.uleb128 0x24
 323 0020 00       		.byte	0
ARM GAS  C:\Users\ariky\AppData\Local\Temp\ccwyjeD5.s 			page 9


 324 0021 0B       		.uleb128 0xb
 325 0022 0B       		.uleb128 0xb
 326 0023 3E       		.uleb128 0x3e
 327 0024 0B       		.uleb128 0xb
 328 0025 03       		.uleb128 0x3
 329 0026 08       		.uleb128 0x8
 330 0027 00       		.byte	0
 331 0028 00       		.byte	0
 332 0029 04       		.uleb128 0x4
 333 002a 16       		.uleb128 0x16
 334 002b 00       		.byte	0
 335 002c 03       		.uleb128 0x3
 336 002d 0E       		.uleb128 0xe
 337 002e 3A       		.uleb128 0x3a
 338 002f 0B       		.uleb128 0xb
 339 0030 3B       		.uleb128 0x3b
 340 0031 05       		.uleb128 0x5
 341 0032 49       		.uleb128 0x49
 342 0033 13       		.uleb128 0x13
 343 0034 00       		.byte	0
 344 0035 00       		.byte	0
 345 0036 05       		.uleb128 0x5
 346 0037 13       		.uleb128 0x13
 347 0038 01       		.byte	0x1
 348 0039 0B       		.uleb128 0xb
 349 003a 0B       		.uleb128 0xb
 350 003b 3A       		.uleb128 0x3a
 351 003c 0B       		.uleb128 0xb
 352 003d 3B       		.uleb128 0x3b
 353 003e 0B       		.uleb128 0xb
 354 003f 01       		.uleb128 0x1
 355 0040 13       		.uleb128 0x13
 356 0041 00       		.byte	0
 357 0042 00       		.byte	0
 358 0043 06       		.uleb128 0x6
 359 0044 0D       		.uleb128 0xd
 360 0045 00       		.byte	0
 361 0046 03       		.uleb128 0x3
 362 0047 0E       		.uleb128 0xe
 363 0048 3A       		.uleb128 0x3a
 364 0049 0B       		.uleb128 0xb
 365 004a 3B       		.uleb128 0x3b
 366 004b 0B       		.uleb128 0xb
 367 004c 49       		.uleb128 0x49
 368 004d 13       		.uleb128 0x13
 369 004e 38       		.uleb128 0x38
 370 004f 0B       		.uleb128 0xb
 371 0050 00       		.byte	0
 372 0051 00       		.byte	0
 373 0052 07       		.uleb128 0x7
 374 0053 16       		.uleb128 0x16
 375 0054 00       		.byte	0
 376 0055 03       		.uleb128 0x3
 377 0056 0E       		.uleb128 0xe
 378 0057 3A       		.uleb128 0x3a
 379 0058 0B       		.uleb128 0xb
 380 0059 3B       		.uleb128 0x3b
ARM GAS  C:\Users\ariky\AppData\Local\Temp\ccwyjeD5.s 			page 10


 381 005a 0B       		.uleb128 0xb
 382 005b 49       		.uleb128 0x49
 383 005c 13       		.uleb128 0x13
 384 005d 00       		.byte	0
 385 005e 00       		.byte	0
 386 005f 08       		.uleb128 0x8
 387 0060 01       		.uleb128 0x1
 388 0061 01       		.byte	0x1
 389 0062 49       		.uleb128 0x49
 390 0063 13       		.uleb128 0x13
 391 0064 01       		.uleb128 0x1
 392 0065 13       		.uleb128 0x13
 393 0066 00       		.byte	0
 394 0067 00       		.byte	0
 395 0068 09       		.uleb128 0x9
 396 0069 21       		.uleb128 0x21
 397 006a 00       		.byte	0
 398 006b 49       		.uleb128 0x49
 399 006c 13       		.uleb128 0x13
 400 006d 2F       		.uleb128 0x2f
 401 006e 0B       		.uleb128 0xb
 402 006f 00       		.byte	0
 403 0070 00       		.byte	0
 404 0071 0A       		.uleb128 0xa
 405 0072 2E       		.uleb128 0x2e
 406 0073 01       		.byte	0x1
 407 0074 3F       		.uleb128 0x3f
 408 0075 19       		.uleb128 0x19
 409 0076 03       		.uleb128 0x3
 410 0077 0E       		.uleb128 0xe
 411 0078 3A       		.uleb128 0x3a
 412 0079 0B       		.uleb128 0xb
 413 007a 3B       		.uleb128 0x3b
 414 007b 0B       		.uleb128 0xb
 415 007c 27       		.uleb128 0x27
 416 007d 19       		.uleb128 0x19
 417 007e 49       		.uleb128 0x49
 418 007f 13       		.uleb128 0x13
 419 0080 11       		.uleb128 0x11
 420 0081 01       		.uleb128 0x1
 421 0082 12       		.uleb128 0x12
 422 0083 06       		.uleb128 0x6
 423 0084 40       		.uleb128 0x40
 424 0085 18       		.uleb128 0x18
 425 0086 9742     		.uleb128 0x2117
 426 0088 19       		.uleb128 0x19
 427 0089 01       		.uleb128 0x1
 428 008a 13       		.uleb128 0x13
 429 008b 00       		.byte	0
 430 008c 00       		.byte	0
 431 008d 0B       		.uleb128 0xb
 432 008e 34       		.uleb128 0x34
 433 008f 00       		.byte	0
 434 0090 03       		.uleb128 0x3
 435 0091 0E       		.uleb128 0xe
 436 0092 3A       		.uleb128 0x3a
 437 0093 0B       		.uleb128 0xb
ARM GAS  C:\Users\ariky\AppData\Local\Temp\ccwyjeD5.s 			page 11


 438 0094 3B       		.uleb128 0x3b
 439 0095 0B       		.uleb128 0xb
 440 0096 49       		.uleb128 0x49
 441 0097 13       		.uleb128 0x13
 442 0098 00       		.byte	0
 443 0099 00       		.byte	0
 444 009a 0C       		.uleb128 0xc
 445 009b 34       		.uleb128 0x34
 446 009c 00       		.byte	0
 447 009d 03       		.uleb128 0x3
 448 009e 0E       		.uleb128 0xe
 449 009f 3A       		.uleb128 0x3a
 450 00a0 0B       		.uleb128 0xb
 451 00a1 3B       		.uleb128 0x3b
 452 00a2 0B       		.uleb128 0xb
 453 00a3 49       		.uleb128 0x49
 454 00a4 13       		.uleb128 0x13
 455 00a5 1C       		.uleb128 0x1c
 456 00a6 0B       		.uleb128 0xb
 457 00a7 00       		.byte	0
 458 00a8 00       		.byte	0
 459 00a9 0D       		.uleb128 0xd
 460 00aa 35       		.uleb128 0x35
 461 00ab 00       		.byte	0
 462 00ac 49       		.uleb128 0x49
 463 00ad 13       		.uleb128 0x13
 464 00ae 00       		.byte	0
 465 00af 00       		.byte	0
 466 00b0 0E       		.uleb128 0xe
 467 00b1 34       		.uleb128 0x34
 468 00b2 00       		.byte	0
 469 00b3 03       		.uleb128 0x3
 470 00b4 0E       		.uleb128 0xe
 471 00b5 3A       		.uleb128 0x3a
 472 00b6 0B       		.uleb128 0xb
 473 00b7 3B       		.uleb128 0x3b
 474 00b8 0B       		.uleb128 0xb
 475 00b9 49       		.uleb128 0x49
 476 00ba 13       		.uleb128 0x13
 477 00bb 3F       		.uleb128 0x3f
 478 00bc 19       		.uleb128 0x19
 479 00bd 3C       		.uleb128 0x3c
 480 00be 19       		.uleb128 0x19
 481 00bf 00       		.byte	0
 482 00c0 00       		.byte	0
 483 00c1 00       		.byte	0
 484              		.section	.debug_aranges,"",%progbits
 485 0000 1C000000 		.4byte	0x1c
 486 0004 0200     		.2byte	0x2
 487 0006 00000000 		.4byte	.Ldebug_info0
 488 000a 04       		.byte	0x4
 489 000b 00       		.byte	0
 490 000c 0000     		.2byte	0
 491 000e 0000     		.2byte	0
 492 0010 00000000 		.4byte	.LFB0
 493 0014 38000000 		.4byte	.LFE0-.LFB0
 494 0018 00000000 		.4byte	0
ARM GAS  C:\Users\ariky\AppData\Local\Temp\ccwyjeD5.s 			page 12


 495 001c 00000000 		.4byte	0
 496              		.section	.debug_ranges,"",%progbits
 497              	.Ldebug_ranges0:
 498 0000 00000000 		.4byte	.LFB0
 499 0004 38000000 		.4byte	.LFE0
 500 0008 00000000 		.4byte	0
 501 000c 00000000 		.4byte	0
 502              		.section	.debug_line,"",%progbits
 503              	.Ldebug_line0:
 504 0000 7D000000 		.section	.debug_str,"MS",%progbits,1
 504      02006000 
 504      00000201 
 504      FB0E0D00 
 504      01010101 
 505              	.LASF3:
 506 0000 73686F72 		.ascii	"short unsigned int\000"
 506      7420756E 
 506      7369676E 
 506      65642069 
 506      6E7400
 507              	.LASF25:
 508 0013 545F5553 		.ascii	"T_USBFS_EP_CTL_BLOCK\000"
 508      4246535F 
 508      45505F43 
 508      544C5F42 
 508      4C4F434B 
 509              	.LASF26:
 510 0028 65704461 		.ascii	"epData\000"
 510      746100
 511              	.LASF33:
 512 002f 72657175 		.ascii	"requestHandled\000"
 512      65737448 
 512      616E646C 
 512      656400
 513              	.LASF11:
 514 003e 666C6F61 		.ascii	"float\000"
 514      7400
 515              	.LASF19:
 516 0044 6570546F 		.ascii	"epToggle\000"
 516      67676C65 
 516      00
 517              	.LASF29:
 518 004d 47656E65 		.ascii	"Generated_Source\\PSoC5\\USBFS_cls.c\000"
 518      72617465 
 518      645F536F 
 518      75726365 
 518      5C50536F 
 519              	.LASF1:
 520 0070 756E7369 		.ascii	"unsigned char\000"
 520      676E6564 
 520      20636861 
 520      7200
 521              	.LASF28:
 522 007e 474E5520 		.ascii	"GNU C11 5.4.1 20160609 (release) [ARM/embedded-5-br"
 522      43313120 
 522      352E342E 
 522      31203230 
ARM GAS  C:\Users\ariky\AppData\Local\Temp\ccwyjeD5.s 			page 13


 522      31363036 
 523 00b1 616E6368 		.ascii	"anch revision 237715] -mcpu=cortex-m3 -mthumb -g -O"
 523      20726576 
 523      6973696F 
 523      6E203233 
 523      37373135 
 524 00e4 67202D66 		.ascii	"g -ffunction-sections -ffat-lto-objects\000"
 524      66756E63 
 524      74696F6E 
 524      2D736563 
 524      74696F6E 
 525              	.LASF30:
 526 010c 433A5C55 		.ascii	"C:\\Users\\ariky\\Documents\\PSoC Creator\\Lab4\\La"
 526      73657273 
 526      5C617269 
 526      6B795C44 
 526      6F63756D 
 527 0139 6250726F 		.ascii	"bProject.cydsn\000"
 527      6A656374 
 527      2E637964 
 527      736E00
 528              	.LASF31:
 529 0148 55534246 		.ascii	"USBFS_DispatchClassRqst\000"
 529      535F4469 
 529      73706174 
 529      6368436C 
 529      61737352 
 530              	.LASF5:
 531 0160 6C6F6E67 		.ascii	"long unsigned int\000"
 531      20756E73 
 531      69676E65 
 531      6420696E 
 531      7400
 532              	.LASF20:
 533 0172 61646472 		.ascii	"addr\000"
 533      00
 534              	.LASF32:
 535 0177 696E7465 		.ascii	"interfaceNumber\000"
 535      72666163 
 535      654E756D 
 535      62657200 
 536              	.LASF34:
 537 0187 55534246 		.ascii	"USBFS_EP\000"
 537      535F4550 
 537      00
 538              	.LASF27:
 539 0190 55534246 		.ascii	"USBFS_ep0_data_struct\000"
 539      535F6570 
 539      305F6461 
 539      74615F73 
 539      74727563 
 540              	.LASF12:
 541 01a6 646F7562 		.ascii	"double\000"
 541      6C6500
 542              	.LASF16:
 543 01ad 61747472 		.ascii	"attrib\000"
 543      696200
ARM GAS  C:\Users\ariky\AppData\Local\Temp\ccwyjeD5.s 			page 14


 544              	.LASF22:
 545 01b4 62756666 		.ascii	"buffOffset\000"
 545      4F666673 
 545      657400
 546              	.LASF10:
 547 01bf 75696E74 		.ascii	"uint16\000"
 547      313600
 548              	.LASF17:
 549 01c6 61706945 		.ascii	"apiEpState\000"
 549      70537461 
 549      746500
 550              	.LASF8:
 551 01d1 756E7369 		.ascii	"unsigned int\000"
 551      676E6564 
 551      20696E74 
 551      00
 552              	.LASF7:
 553 01de 6C6F6E67 		.ascii	"long long unsigned int\000"
 553      206C6F6E 
 553      6720756E 
 553      7369676E 
 553      65642069 
 554              	.LASF18:
 555 01f5 68774570 		.ascii	"hwEpState\000"
 555      53746174 
 555      6500
 556              	.LASF15:
 557 01ff 73697A65 		.ascii	"sizetype\000"
 557      74797065 
 557      00
 558              	.LASF21:
 559 0208 65704D6F 		.ascii	"epMode\000"
 559      646500
 560              	.LASF6:
 561 020f 6C6F6E67 		.ascii	"long long int\000"
 561      206C6F6E 
 561      6720696E 
 561      7400
 562              	.LASF13:
 563 021d 63686172 		.ascii	"char\000"
 563      00
 564              	.LASF23:
 565 0222 62756666 		.ascii	"bufferSize\000"
 565      65725369 
 565      7A6500
 566              	.LASF2:
 567 022d 73686F72 		.ascii	"short int\000"
 567      7420696E 
 567      7400
 568              	.LASF9:
 569 0237 75696E74 		.ascii	"uint8\000"
 569      3800
 570              	.LASF24:
 571 023d 696E7465 		.ascii	"interface\000"
 571      72666163 
 571      6500
 572              	.LASF4:
ARM GAS  C:\Users\ariky\AppData\Local\Temp\ccwyjeD5.s 			page 15


 573 0247 6C6F6E67 		.ascii	"long int\000"
 573      20696E74 
 573      00
 574              	.LASF14:
 575 0250 6C6F6E67 		.ascii	"long double\000"
 575      20646F75 
 575      626C6500 
 576              	.LASF0:
 577 025c 7369676E 		.ascii	"signed char\000"
 577      65642063 
 577      68617200 
 578              		.ident	"GCC: (GNU Tools for ARM Embedded Processors) 5.4.1 20160609 (release) [ARM/embedded-5-bran
